<?xml version="1.0" encoding="UTF-8"?>
<!-- Generated by org.testng.reporters.JUnitReportReporter -->
<testsuite hostname="LAPTOP-JU43MAR4" failures="0" tests="5" name="testNGAnnotation_Flags.ActiTimeDataProvider" time="16.637" errors="0" timestamp="2023-07-26T15:12:13 IST" skipped="0">
  <testcase classname="testNGAnnotation_Flags.ActiTimeDataProvider" name="invalidLoginMethod" time="3.252"/>
  <testcase classname="testNGAnnotation_Flags.ActiTimeDataProvider" name="invalidLoginMethod" time="3.031"/>
  <testcase classname="testNGAnnotation_Flags.ActiTimeDataProvider" name="invalidLoginMethod" time="3.295"/>
  <testcase classname="testNGAnnotation_Flags.ActiTimeDataProvider" name="invalidLoginMethod" time="3.294"/>
  <testcase classname="testNGAnnotation_Flags.ActiTimeDataProvider" name="invalidLoginMethod" time="3.765"/>
</testsuite> <!-- testNGAnnotation_Flags.ActiTimeDataProvider -->
