<?xml version="1.0" encoding="UTF-8"?>
<!-- Generated by org.testng.reporters.JUnitReportReporter -->
<testsuite hostname="LAPTOP-JU43MAR4" failures="0" tests="2" name="testNGAnnotation_Flags.Flag2" time="0.006" errors="0" timestamp="2023-07-20T15:27:12 IST" skipped="0">
  <testcase classname="testNGAnnotation_Flags.Flag2" name="method1" time="0.005">
    <system-out>
      <![CDATA[method1 from flag2]]>
    </system-out>
  </testcase> <!-- method1 -->
  <testcase classname="testNGAnnotation_Flags.Flag2" name="method2" time="0.001">
    <system-out>
      <![CDATA[method2 from flag2]]>
    </system-out>
  </testcase> <!-- method2 -->
  <system-out>
    <![CDATA[method1 from flag2
method2 from flag2]]>
  </system-out>
</testsuite> <!-- testNGAnnotation_Flags.Flag2 -->
