<?xml version="1.0" encoding="UTF-8"?>
<!-- Generated by org.testng.reporters.JUnitReportReporter -->
<testsuite hostname="LAPTOP-JU43MAR4" failures="0" tests="1" name="testNGPackage.Demo" time="0.006" errors="0" timestamp="2023-07-16T00:33:56 IST" skipped="0">
  <testcase classname="testNGPackage.Demo" name="f" time="0.006">
    <system-out>
      <![CDATA[This is Demo TestNG Class]]>
    </system-out>
  </testcase> <!-- f -->
  <system-out>
    <![CDATA[This is Demo TestNG Class
This is Remo TestNG Class!!!
This is Sumo TestNG Class!!]]>
  </system-out>
</testsuite> <!-- testNGPackage.Demo -->
