<?xml version="1.0" encoding="UTF-8"?>
<!-- Generated by org.testng.reporters.JUnitReportReporter -->
<testsuite hostname="LAPTOP-JU43MAR4" failures="0" tests="5" name="testNGAnnotation_Flags.ActiTimeDataProvider" time="16.137" errors="0" timestamp="2023-07-27T15:15:30 IST" skipped="0">
  <testcase classname="testNGAnnotation_Flags.ActiTimeDataProvider" name="invalidLoginMethod" time="3.281"/>
  <testcase classname="testNGAnnotation_Flags.ActiTimeDataProvider" name="invalidLoginMethod" time="2.589"/>
  <testcase classname="testNGAnnotation_Flags.ActiTimeDataProvider" name="invalidLoginMethod" time="3.074"/>
  <testcase classname="testNGAnnotation_Flags.ActiTimeDataProvider" name="invalidLoginMethod" time="3.182"/>
  <testcase classname="testNGAnnotation_Flags.ActiTimeDataProvider" name="invalidLoginMethod" time="4.011"/>
</testsuite> <!-- testNGAnnotation_Flags.ActiTimeDataProvider -->
