<?xml version="1.0" encoding="UTF-8"?>
<!-- Generated by org.testng.reporters.JUnitReportReporter -->
<testsuite hostname="LAPTOP-JU43MAR4" failures="0" tests="1000" name="testNGAnnotation_Flags.Flag3" time="0.317" errors="0" timestamp="2023-07-22T15:21:54 IST" skipped="0">
  <testcase classname="testNGAnnotation_Flags.Flag3" name="method1" time="0.000"/>
  <testcase classname="testNGAnnotation_Flags.Flag3" name="method1" time="0.000"/>
  <testcase classname="testNGAnnotation_Flags.Flag3" name="method1" time="0.000"/>
  <testcase classname="testNGAnnotation_Flags.Flag3" name="method1" time="0.000"/>
  <testcase classname="testNGAnnotation_Flags.Flag3" name="method1" time="0.000"/>
  <testcase classname="testNGAnnotation_Flags.Flag3" name="method1" time="0.001"/>
  <testcase classname="testNGAnnotation_Flags.Flag3" name="method1" time="0.000"/>
  <testcase classname="testNGAnnotation_Flags.Flag3" name="method1" time="0.001"/>
  <testcase classname="testNGAnnotation_Flags.Flag3" name="method1" time="0.001"/>
  <testcase classname="testNGAnnotation_Flags.Flag3" name="method1" time="0.001"/>
  <testcase classname="testNGAnnotation_Flags.Flag3" name="method1" time="0.001"/>
  <testcase classname="testNGAnnotation_Flags.Flag3" name="method1" time="0.001"/>
  <testcase classname="testNGAnnotation_Flags.Flag3" name="method1" time="0.000"/>
  <testcase classname="testNGAnnotation_Flags.Flag3" name="method1" time="0.000"/>
  <testcase classname="testNGAnnotation_Flags.Flag3" name="method1" time="0.000"/>
  <testcase classname="testNGAnnotation_Flags.Flag3" name="method1" time="0.000"/>
  <testcase classname="testNGAnnotation_Flags.Flag3" name="method1" time="0.000"/>
  <testcase classname="testNGAnnotation_Flags.Flag3" name="method1" time="0.000"/>
  <testcase classname="testNGAnnotation_Flags.Flag3" name="method1" time="0.000"/>
  <testcase classname="testNGAnnotation_Flags.Flag3" name="method1" time="0.000"/>
  <testcase classname="testNGAnnotation_Flags.Flag3" name="method1" time="0.000"/>
  <testcase classname="testNGAnnotation_Flags.Flag3" name="method1" time="0.000"/>
  <testcase classname="testNGAnnotation_Flags.Flag3" name="method1" time="0.001"/>
  <testcase classname="testNGAnnotation_Flags.Flag3" name="method1" time="0.002"/>
  <testcase classname="testNGAnnotation_Flags.Flag3" name="method1" time="0.000"/>
  <testcase classname="testNGAnnotation_Flags.Flag3" name="method1" time="0.000"/>
  <testcase classname="testNGAnnotation_Flags.Flag3" name="method1" time="0.000"/>
  <testcase classname="testNGAnnotation_Flags.Flag3" name="method1" time="0.001"/>
  <testcase classname="testNGAnnotation_Flags.Flag3" name="method1" time="0.001"/>
  <testcase classname="testNGAnnotation_Flags.Flag3" name="method1" time="0.001"/>
  <testcase classname="testNGAnnotation_Flags.Flag3" name="method1" time="0.000"/>
  <testcase classname="testNGAnnotation_Flags.Flag3" name="method1" time="0.000"/>
  <testcase classname="testNGAnnotation_Flags.Flag3" name="method1" time="0.002"/>
  <testcase classname="testNGAnnotation_Flags.Flag3" name="method1" time="0.001"/>
  <testcase classname="testNGAnnotation_Flags.Flag3" name="method1" time="0.000"/>
  <testcase classname="testNGAnnotation_Flags.Flag3" name="method1" time="0.000"/>
  <testcase classname="testNGAnnotation_Flags.Flag3" name="method1" time="0.000"/>
  <testcase classname="testNGAnnotation_Flags.Flag3" name="method1" time="0.001"/>
  <testcase classname="testNGAnnotation_Flags.Flag3" name="method1" time="0.000"/>
  <testcase classname="testNGAnnotation_Flags.Flag3" name="method1" time="0.000"/>
  <testcase classname="testNGAnnotation_Flags.Flag3" name="method1" time="0.000"/>
  <testcase classname="testNGAnnotation_Flags.Flag3" name="method1" time="0.001"/>
  <testcase classname="testNGAnnotation_Flags.Flag3" name="method1" time="0.001"/>
  <testcase classname="testNGAnnotation_Flags.Flag3" name="method1" time="0.000"/>
  <testcase classname="testNGAnnotation_Flags.Flag3" name="method1" time="0.000"/>
  <testcase classname="testNGAnnotation_Flags.Flag3" name="method1" time="0.000"/>
  <testcase classname="testNGAnnotation_Flags.Flag3" name="method1" time="0.000"/>
  <testcase classname="testNGAnnotation_Flags.Flag3" name="method1" time="0.000"/>
  <testcase classname="testNGAnnotation_Flags.Flag3" name="method1" time="0.000"/>
  <testcase classname="testNGAnnotation_Flags.Flag3" name="method1" time="0.000"/>
  <testcase classname="testNGAnnotation_Flags.Flag3" name="method1" time="0.001"/>
  <testcase classname="testNGAnnotation_Flags.Flag3" name="method1" time="0.000"/>
  <testcase classname="testNGAnnotation_Flags.Flag3" name="method1" time="0.001"/>
  <testcase classname="testNGAnnotation_Flags.Flag3" name="method1" time="0.001"/>
  <testcase classname="testNGAnnotation_Flags.Flag3" name="method1" time="0.000"/>
  <testcase classname="testNGAnnotation_Flags.Flag3" name="method1" time="0.001"/>
  <testcase classname="testNGAnnotation_Flags.Flag3" name="method1" time="0.001"/>
  <testcase classname="testNGAnnotation_Flags.Flag3" name="method1" time="0.000"/>
  <testcase classname="testNGAnnotation_Flags.Flag3" name="method1" time="0.000"/>
  <testcase classname="testNGAnnotation_Flags.Flag3" name="method1" time="0.001"/>
  <testcase classname="testNGAnnotation_Flags.Flag3" name="method1" time="0.000"/>
  <testcase classname="testNGAnnotation_Flags.Flag3" name="method1" time="0.000"/>
  <testcase classname="testNGAnnotation_Flags.Flag3" name="method1" time="0.000"/>
  <testcase classname="testNGAnnotation_Flags.Flag3" name="method1" time="0.000"/>
  <testcase classname="testNGAnnotation_Flags.Flag3" name="method1" time="0.000"/>
  <testcase classname="testNGAnnotation_Flags.Flag3" name="method1" time="0.000"/>
  <testcase classname="testNGAnnotation_Flags.Flag3" name="method1" time="0.001"/>
  <testcase classname="testNGAnnotation_Flags.Flag3" name="method1" time="0.000"/>
  <testcase classname="testNGAnnotation_Flags.Flag3" name="method1" time="0.000"/>
  <testcase classname="testNGAnnotation_Flags.Flag3" name="method1" time="0.000"/>
  <testcase classname="testNGAnnotation_Flags.Flag3" name="method1" time="0.000"/>
  <testcase classname="testNGAnnotation_Flags.Flag3" name="method1" time="0.001"/>
  <testcase classname="testNGAnnotation_Flags.Flag3" name="method1" time="0.000"/>
  <testcase classname="testNGAnnotation_Flags.Flag3" name="method1" time="0.001"/>
  <testcase classname="testNGAnnotation_Flags.Flag3" name="method1" time="0.001"/>
  <testcase classname="testNGAnnotation_Flags.Flag3" name="method1" time="0.001"/>
  <testcase classname="testNGAnnotation_Flags.Flag3" name="method1" time="0.001"/>
  <testcase classname="testNGAnnotation_Flags.Flag3" name="method1" time="0.000"/>
  <testcase classname="testNGAnnotation_Flags.Flag3" name="method1" time="0.000"/>
  <testcase classname="testNGAnnotation_Flags.Flag3" name="method1" time="0.001"/>
  <testcase classname="testNGAnnotation_Flags.Flag3" name="method1" time="0.001"/>
  <testcase classname="testNGAnnotation_Flags.Flag3" name="method1" time="0.001"/>
  <testcase classname="testNGAnnotation_Flags.Flag3" name="method1" time="0.001"/>
  <testcase classname="testNGAnnotation_Flags.Flag3" name="method1" time="0.001"/>
  <testcase classname="testNGAnnotation_Flags.Flag3" name="method1" time="0.000"/>
  <testcase classname="testNGAnnotation_Flags.Flag3" name="method1" time="0.000"/>
  <testcase classname="testNGAnnotation_Flags.Flag3" name="method1" time="0.000"/>
  <testcase classname="testNGAnnotation_Flags.Flag3" name="method1" time="0.000"/>
  <testcase classname="testNGAnnotation_Flags.Flag3" name="method1" time="0.000"/>
  <testcase classname="testNGAnnotation_Flags.Flag3" name="method1" time="0.001"/>
  <testcase classname="testNGAnnotation_Flags.Flag3" name="method1" time="0.000"/>
  <testcase classname="testNGAnnotation_Flags.Flag3" name="method1" time="0.001"/>
  <testcase classname="testNGAnnotation_Flags.Flag3" name="method1" time="0.002"/>
  <testcase classname="testNGAnnotation_Flags.Flag3" name="method1" time="0.000"/>
  <testcase classname="testNGAnnotation_Flags.Flag3" name="method1" time="0.001"/>
  <testcase classname="testNGAnnotation_Flags.Flag3" name="method1" time="0.000"/>
  <testcase classname="testNGAnnotation_Flags.Flag3" name="method1" time="0.000"/>
  <testcase classname="testNGAnnotation_Flags.Flag3" name="method1" time="0.000"/>
  <testcase classname="testNGAnnotation_Flags.Flag3" name="method1" time="0.001"/>
  <testcase classname="testNGAnnotation_Flags.Flag3" name="method1" time="0.001"/>
  <testcase classname="testNGAnnotation_Flags.Flag3" name="method1" time="0.000"/>
  <testcase classname="testNGAnnotation_Flags.Flag3" name="method1" time="0.000"/>
  <testcase classname="testNGAnnotation_Flags.Flag3" name="method1" time="0.002"/>
  <testcase classname="testNGAnnotation_Flags.Flag3" name="method1" time="0.000"/>
  <testcase classname="testNGAnnotation_Flags.Flag3" name="method1" time="0.000"/>
  <testcase classname="testNGAnnotation_Flags.Flag3" name="method1" time="0.001"/>
  <testcase classname="testNGAnnotation_Flags.Flag3" name="method1" time="0.000"/>
  <testcase classname="testNGAnnotation_Flags.Flag3" name="method1" time="0.000"/>
  <testcase classname="testNGAnnotation_Flags.Flag3" name="method1" time="0.000"/>
  <testcase classname="testNGAnnotation_Flags.Flag3" name="method1" time="0.000"/>
  <testcase classname="testNGAnnotation_Flags.Flag3" name="method1" time="0.000"/>
  <testcase classname="testNGAnnotation_Flags.Flag3" name="method1" time="0.002"/>
  <testcase classname="testNGAnnotation_Flags.Flag3" name="method1" time="0.000"/>
  <testcase classname="testNGAnnotation_Flags.Flag3" name="method1" time="0.000"/>
  <testcase classname="testNGAnnotation_Flags.Flag3" name="method1" time="0.000"/>
  <testcase classname="testNGAnnotation_Flags.Flag3" name="method1" time="0.000"/>
  <testcase classname="testNGAnnotation_Flags.Flag3" name="method1" time="0.000"/>
  <testcase classname="testNGAnnotation_Flags.Flag3" name="method1" time="0.001"/>
  <testcase classname="testNGAnnotation_Flags.Flag3" name="method1" time="0.000"/>
  <testcase classname="testNGAnnotation_Flags.Flag3" name="method1" time="0.000"/>
  <testcase classname="testNGAnnotation_Flags.Flag3" name="method1" time="0.000"/>
  <testcase classname="testNGAnnotation_Flags.Flag3" name="method1" time="0.001"/>
  <testcase classname="testNGAnnotation_Flags.Flag3" name="method1" time="0.000"/>
  <testcase classname="testNGAnnotation_Flags.Flag3" name="method1" time="0.000"/>
  <testcase classname="testNGAnnotation_Flags.Flag3" name="method1" time="0.001"/>
  <testcase classname="testNGAnnotation_Flags.Flag3" name="method1" time="0.000"/>
  <testcase classname="testNGAnnotation_Flags.Flag3" name="method1" time="0.000"/>
  <testcase classname="testNGAnnotation_Flags.Flag3" name="method1" time="0.000"/>
  <testcase classname="testNGAnnotation_Flags.Flag3" name="method1" time="0.000"/>
  <testcase classname="testNGAnnotation_Flags.Flag3" name="method1" time="0.000"/>
  <testcase classname="testNGAnnotation_Flags.Flag3" name="method1" time="0.000"/>
  <testcase classname="testNGAnnotation_Flags.Flag3" name="method1" time="0.000"/>
  <testcase classname="testNGAnnotation_Flags.Flag3" name="method1" time="0.000"/>
  <testcase classname="testNGAnnotation_Flags.Flag3" name="method1" time="0.000"/>
  <testcase classname="testNGAnnotation_Flags.Flag3" name="method1" time="0.000"/>
  <testcase classname="testNGAnnotation_Flags.Flag3" name="method1" time="0.000"/>
  <testcase classname="testNGAnnotation_Flags.Flag3" name="method1" time="0.000"/>
  <testcase classname="testNGAnnotation_Flags.Flag3" name="method1" time="0.000"/>
  <testcase classname="testNGAnnotation_Flags.Flag3" name="method1" time="0.001"/>
  <testcase classname="testNGAnnotation_Flags.Flag3" name="method1" time="0.000"/>
  <testcase classname="testNGAnnotation_Flags.Flag3" name="method1" time="0.000"/>
  <testcase classname="testNGAnnotation_Flags.Flag3" name="method1" time="0.000"/>
  <testcase classname="testNGAnnotation_Flags.Flag3" name="method1" time="0.000"/>
  <testcase classname="testNGAnnotation_Flags.Flag3" name="method1" time="0.000"/>
  <testcase classname="testNGAnnotation_Flags.Flag3" name="method1" time="0.000"/>
  <testcase classname="testNGAnnotation_Flags.Flag3" name="method1" time="0.000"/>
  <testcase classname="testNGAnnotation_Flags.Flag3" name="method1" time="0.000"/>
  <testcase classname="testNGAnnotation_Flags.Flag3" name="method1" time="0.000"/>
  <testcase classname="testNGAnnotation_Flags.Flag3" name="method1" time="0.000"/>
  <testcase classname="testNGAnnotation_Flags.Flag3" name="method1" time="0.000"/>
  <testcase classname="testNGAnnotation_Flags.Flag3" name="method1" time="0.000"/>
  <testcase classname="testNGAnnotation_Flags.Flag3" name="method1" time="0.001"/>
  <testcase classname="testNGAnnotation_Flags.Flag3" name="method1" time="0.001"/>
  <testcase classname="testNGAnnotation_Flags.Flag3" name="method1" time="0.000"/>
  <testcase classname="testNGAnnotation_Flags.Flag3" name="method1" time="0.001"/>
  <testcase classname="testNGAnnotation_Flags.Flag3" name="method1" time="0.000"/>
  <testcase classname="testNGAnnotation_Flags.Flag3" name="method1" time="0.000"/>
  <testcase classname="testNGAnnotation_Flags.Flag3" name="method1" time="0.000"/>
  <testcase classname="testNGAnnotation_Flags.Flag3" name="method1" time="0.000"/>
  <testcase classname="testNGAnnotation_Flags.Flag3" name="method1" time="0.001"/>
  <testcase classname="testNGAnnotation_Flags.Flag3" name="method1" time="0.000"/>
  <testcase classname="testNGAnnotation_Flags.Flag3" name="method1" time="0.001"/>
  <testcase classname="testNGAnnotation_Flags.Flag3" name="method1" time="0.000"/>
  <testcase classname="testNGAnnotation_Flags.Flag3" name="method1" time="0.000"/>
  <testcase classname="testNGAnnotation_Flags.Flag3" name="method1" time="0.000"/>
  <testcase classname="testNGAnnotation_Flags.Flag3" name="method1" time="0.000"/>
  <testcase classname="testNGAnnotation_Flags.Flag3" name="method1" time="0.000"/>
  <testcase classname="testNGAnnotation_Flags.Flag3" name="method1" time="0.000"/>
  <testcase classname="testNGAnnotation_Flags.Flag3" name="method1" time="0.000"/>
  <testcase classname="testNGAnnotation_Flags.Flag3" name="method1" time="0.001"/>
  <testcase classname="testNGAnnotation_Flags.Flag3" name="method1" time="0.000"/>
  <testcase classname="testNGAnnotation_Flags.Flag3" name="method1" time="0.000"/>
  <testcase classname="testNGAnnotation_Flags.Flag3" name="method1" time="0.000"/>
  <testcase classname="testNGAnnotation_Flags.Flag3" name="method1" time="0.000"/>
  <testcase classname="testNGAnnotation_Flags.Flag3" name="method1" time="0.000"/>
  <testcase classname="testNGAnnotation_Flags.Flag3" name="method1" time="0.000"/>
  <testcase classname="testNGAnnotation_Flags.Flag3" name="method1" time="0.000"/>
  <testcase classname="testNGAnnotation_Flags.Flag3" name="method1" time="0.001"/>
  <testcase classname="testNGAnnotation_Flags.Flag3" name="method1" time="0.000"/>
  <testcase classname="testNGAnnotation_Flags.Flag3" name="method1" time="0.001"/>
  <testcase classname="testNGAnnotation_Flags.Flag3" name="method1" time="0.002"/>
  <testcase classname="testNGAnnotation_Flags.Flag3" name="method1" time="0.000"/>
  <testcase classname="testNGAnnotation_Flags.Flag3" name="method1" time="0.001"/>
  <testcase classname="testNGAnnotation_Flags.Flag3" name="method1" time="0.000"/>
  <testcase classname="testNGAnnotation_Flags.Flag3" name="method1" time="0.000"/>
  <testcase classname="testNGAnnotation_Flags.Flag3" name="method1" time="0.000"/>
  <testcase classname="testNGAnnotation_Flags.Flag3" name="method1" time="0.001"/>
  <testcase classname="testNGAnnotation_Flags.Flag3" name="method1" time="0.000"/>
  <testcase classname="testNGAnnotation_Flags.Flag3" name="method1" time="0.000"/>
  <testcase classname="testNGAnnotation_Flags.Flag3" name="method1" time="0.000"/>
  <testcase classname="testNGAnnotation_Flags.Flag3" name="method1" time="0.000"/>
  <testcase classname="testNGAnnotation_Flags.Flag3" name="method1" time="0.001"/>
  <testcase classname="testNGAnnotation_Flags.Flag3" name="method1" time="0.000"/>
  <testcase classname="testNGAnnotation_Flags.Flag3" name="method1" time="0.001"/>
  <testcase classname="testNGAnnotation_Flags.Flag3" name="method1" time="0.001"/>
  <testcase classname="testNGAnnotation_Flags.Flag3" name="method1" time="0.001"/>
  <testcase classname="testNGAnnotation_Flags.Flag3" name="method1" time="0.001"/>
  <testcase classname="testNGAnnotation_Flags.Flag3" name="method1" time="0.000"/>
  <testcase classname="testNGAnnotation_Flags.Flag3" name="method1" time="0.001"/>
  <testcase classname="testNGAnnotation_Flags.Flag3" name="method1" time="0.000"/>
  <testcase classname="testNGAnnotation_Flags.Flag3" name="method1" time="0.001"/>
  <testcase classname="testNGAnnotation_Flags.Flag3" name="method1" time="0.000"/>
  <testcase classname="testNGAnnotation_Flags.Flag3" name="method1" time="0.000"/>
  <testcase classname="testNGAnnotation_Flags.Flag3" name="method1" time="0.000"/>
  <testcase classname="testNGAnnotation_Flags.Flag3" name="method1" time="0.000"/>
  <testcase classname="testNGAnnotation_Flags.Flag3" name="method1" time="0.000"/>
  <testcase classname="testNGAnnotation_Flags.Flag3" name="method1" time="0.000"/>
  <testcase classname="testNGAnnotation_Flags.Flag3" name="method1" time="0.000"/>
  <testcase classname="testNGAnnotation_Flags.Flag3" name="method1" time="0.000"/>
  <testcase classname="testNGAnnotation_Flags.Flag3" name="method1" time="0.000"/>
  <testcase classname="testNGAnnotation_Flags.Flag3" name="method1" time="0.000"/>
  <testcase classname="testNGAnnotation_Flags.Flag3" name="method1" time="0.000"/>
  <testcase classname="testNGAnnotation_Flags.Flag3" name="method1" time="0.000"/>
  <testcase classname="testNGAnnotation_Flags.Flag3" name="method1" time="0.001"/>
  <testcase classname="testNGAnnotation_Flags.Flag3" name="method1" time="0.000"/>
  <testcase classname="testNGAnnotation_Flags.Flag3" name="method1" time="0.000"/>
  <testcase classname="testNGAnnotation_Flags.Flag3" name="method1" time="0.000"/>
  <testcase classname="testNGAnnotation_Flags.Flag3" name="method1" time="0.000"/>
  <testcase classname="testNGAnnotation_Flags.Flag3" name="method1" time="0.000"/>
  <testcase classname="testNGAnnotation_Flags.Flag3" name="method1" time="0.001"/>
  <testcase classname="testNGAnnotation_Flags.Flag3" name="method1" time="0.000"/>
  <testcase classname="testNGAnnotation_Flags.Flag3" name="method1" time="0.001"/>
  <testcase classname="testNGAnnotation_Flags.Flag3" name="method1" time="0.000"/>
  <testcase classname="testNGAnnotation_Flags.Flag3" name="method1" time="0.000"/>
  <testcase classname="testNGAnnotation_Flags.Flag3" name="method1" time="0.000"/>
  <testcase classname="testNGAnnotation_Flags.Flag3" name="method1" time="0.001"/>
  <testcase classname="testNGAnnotation_Flags.Flag3" name="method1" time="0.000"/>
  <testcase classname="testNGAnnotation_Flags.Flag3" name="method1" time="0.000"/>
  <testcase classname="testNGAnnotation_Flags.Flag3" name="method1" time="0.000"/>
  <testcase classname="testNGAnnotation_Flags.Flag3" name="method1" time="0.001"/>
  <testcase classname="testNGAnnotation_Flags.Flag3" name="method1" time="0.000"/>
  <testcase classname="testNGAnnotation_Flags.Flag3" name="method1" time="0.000"/>
  <testcase classname="testNGAnnotation_Flags.Flag3" name="method1" time="0.000"/>
  <testcase classname="testNGAnnotation_Flags.Flag3" name="method1" time="0.000"/>
  <testcase classname="testNGAnnotation_Flags.Flag3" name="method1" time="0.001"/>
  <testcase classname="testNGAnnotation_Flags.Flag3" name="method1" time="0.000"/>
  <testcase classname="testNGAnnotation_Flags.Flag3" name="method1" time="0.000"/>
  <testcase classname="testNGAnnotation_Flags.Flag3" name="method1" time="0.001"/>
  <testcase classname="testNGAnnotation_Flags.Flag3" name="method1" time="0.000"/>
  <testcase classname="testNGAnnotation_Flags.Flag3" name="method1" time="0.000"/>
  <testcase classname="testNGAnnotation_Flags.Flag3" name="method1" time="0.000"/>
  <testcase classname="testNGAnnotation_Flags.Flag3" name="method1" time="0.001"/>
  <testcase classname="testNGAnnotation_Flags.Flag3" name="method1" time="0.000"/>
  <testcase classname="testNGAnnotation_Flags.Flag3" name="method1" time="0.001"/>
  <testcase classname="testNGAnnotation_Flags.Flag3" name="method1" time="0.001"/>
  <testcase classname="testNGAnnotation_Flags.Flag3" name="method1" time="0.000"/>
  <testcase classname="testNGAnnotation_Flags.Flag3" name="method1" time="0.000"/>
  <testcase classname="testNGAnnotation_Flags.Flag3" name="method1" time="0.000"/>
  <testcase classname="testNGAnnotation_Flags.Flag3" name="method1" time="0.001"/>
  <testcase classname="testNGAnnotation_Flags.Flag3" name="method1" time="0.000"/>
  <testcase classname="testNGAnnotation_Flags.Flag3" name="method1" time="0.000"/>
  <testcase classname="testNGAnnotation_Flags.Flag3" name="method1" time="0.000"/>
  <testcase classname="testNGAnnotation_Flags.Flag3" name="method1" time="0.000"/>
  <testcase classname="testNGAnnotation_Flags.Flag3" name="method1" time="0.001"/>
  <testcase classname="testNGAnnotation_Flags.Flag3" name="method1" time="0.000"/>
  <testcase classname="testNGAnnotation_Flags.Flag3" name="method1" time="0.000"/>
  <testcase classname="testNGAnnotation_Flags.Flag3" name="method1" time="0.001"/>
  <testcase classname="testNGAnnotation_Flags.Flag3" name="method1" time="0.001"/>
  <testcase classname="testNGAnnotation_Flags.Flag3" name="method1" time="0.000"/>
  <testcase classname="testNGAnnotation_Flags.Flag3" name="method1" time="0.000"/>
  <testcase classname="testNGAnnotation_Flags.Flag3" name="method1" time="0.000"/>
  <testcase classname="testNGAnnotation_Flags.Flag3" name="method1" time="0.000"/>
  <testcase classname="testNGAnnotation_Flags.Flag3" name="method1" time="0.000"/>
  <testcase classname="testNGAnnotation_Flags.Flag3" name="method1" time="0.000"/>
  <testcase classname="testNGAnnotation_Flags.Flag3" name="method1" time="0.000"/>
  <testcase classname="testNGAnnotation_Flags.Flag3" name="method1" time="0.001"/>
  <testcase classname="testNGAnnotation_Flags.Flag3" name="method1" time="0.000"/>
  <testcase classname="testNGAnnotation_Flags.Flag3" name="method1" time="0.000"/>
  <testcase classname="testNGAnnotation_Flags.Flag3" name="method1" time="0.002"/>
  <testcase classname="testNGAnnotation_Flags.Flag3" name="method1" time="0.000"/>
  <testcase classname="testNGAnnotation_Flags.Flag3" name="method1" time="0.001"/>
  <testcase classname="testNGAnnotation_Flags.Flag3" name="method1" time="0.001"/>
  <testcase classname="testNGAnnotation_Flags.Flag3" name="method1" time="0.000"/>
  <testcase classname="testNGAnnotation_Flags.Flag3" name="method1" time="0.000"/>
  <testcase classname="testNGAnnotation_Flags.Flag3" name="method1" time="0.000"/>
  <testcase classname="testNGAnnotation_Flags.Flag3" name="method1" time="0.000"/>
  <testcase classname="testNGAnnotation_Flags.Flag3" name="method1" time="0.000"/>
  <testcase classname="testNGAnnotation_Flags.Flag3" name="method1" time="0.000"/>
  <testcase classname="testNGAnnotation_Flags.Flag3" name="method1" time="0.001"/>
  <testcase classname="testNGAnnotation_Flags.Flag3" name="method1" time="0.000"/>
  <testcase classname="testNGAnnotation_Flags.Flag3" name="method1" time="0.001"/>
  <testcase classname="testNGAnnotation_Flags.Flag3" name="method1" time="0.001"/>
  <testcase classname="testNGAnnotation_Flags.Flag3" name="method1" time="0.000"/>
  <testcase classname="testNGAnnotation_Flags.Flag3" name="method1" time="0.000"/>
  <testcase classname="testNGAnnotation_Flags.Flag3" name="method1" time="0.000"/>
  <testcase classname="testNGAnnotation_Flags.Flag3" name="method1" time="0.000"/>
  <testcase classname="testNGAnnotation_Flags.Flag3" name="method1" time="0.000"/>
  <testcase classname="testNGAnnotation_Flags.Flag3" name="method1" time="0.000"/>
  <testcase classname="testNGAnnotation_Flags.Flag3" name="method1" time="0.001"/>
  <testcase classname="testNGAnnotation_Flags.Flag3" name="method1" time="0.000"/>
  <testcase classname="testNGAnnotation_Flags.Flag3" name="method1" time="0.000"/>
  <testcase classname="testNGAnnotation_Flags.Flag3" name="method1" time="0.002"/>
  <testcase classname="testNGAnnotation_Flags.Flag3" name="method1" time="0.000"/>
  <testcase classname="testNGAnnotation_Flags.Flag3" name="method1" time="0.000"/>
  <testcase classname="testNGAnnotation_Flags.Flag3" name="method1" time="0.000"/>
  <testcase classname="testNGAnnotation_Flags.Flag3" name="method1" time="0.000"/>
  <testcase classname="testNGAnnotation_Flags.Flag3" name="method1" time="0.001"/>
  <testcase classname="testNGAnnotation_Flags.Flag3" name="method1" time="0.000"/>
  <testcase classname="testNGAnnotation_Flags.Flag3" name="method1" time="0.000"/>
  <testcase classname="testNGAnnotation_Flags.Flag3" name="method1" time="0.001"/>
  <testcase classname="testNGAnnotation_Flags.Flag3" name="method1" time="0.000"/>
  <testcase classname="testNGAnnotation_Flags.Flag3" name="method1" time="0.000"/>
  <testcase classname="testNGAnnotation_Flags.Flag3" name="method1" time="0.000"/>
  <testcase classname="testNGAnnotation_Flags.Flag3" name="method1" time="0.001"/>
  <testcase classname="testNGAnnotation_Flags.Flag3" name="method1" time="0.000"/>
  <testcase classname="testNGAnnotation_Flags.Flag3" name="method1" time="0.001"/>
  <testcase classname="testNGAnnotation_Flags.Flag3" name="method1" time="0.000"/>
  <testcase classname="testNGAnnotation_Flags.Flag3" name="method1" time="0.000"/>
  <testcase classname="testNGAnnotation_Flags.Flag3" name="method1" time="0.000"/>
  <testcase classname="testNGAnnotation_Flags.Flag3" name="method1" time="0.001"/>
  <testcase classname="testNGAnnotation_Flags.Flag3" name="method1" time="0.000"/>
  <testcase classname="testNGAnnotation_Flags.Flag3" name="method1" time="0.001"/>
  <testcase classname="testNGAnnotation_Flags.Flag3" name="method1" time="0.000"/>
  <testcase classname="testNGAnnotation_Flags.Flag3" name="method1" time="0.000"/>
  <testcase classname="testNGAnnotation_Flags.Flag3" name="method1" time="0.000"/>
  <testcase classname="testNGAnnotation_Flags.Flag3" name="method1" time="0.000"/>
  <testcase classname="testNGAnnotation_Flags.Flag3" name="method1" time="0.000"/>
  <testcase classname="testNGAnnotation_Flags.Flag3" name="method1" time="0.000"/>
  <testcase classname="testNGAnnotation_Flags.Flag3" name="method1" time="0.000"/>
  <testcase classname="testNGAnnotation_Flags.Flag3" name="method1" time="0.000"/>
  <testcase classname="testNGAnnotation_Flags.Flag3" name="method1" time="0.001"/>
  <testcase classname="testNGAnnotation_Flags.Flag3" name="method1" time="0.000"/>
  <testcase classname="testNGAnnotation_Flags.Flag3" name="method1" time="0.000"/>
  <testcase classname="testNGAnnotation_Flags.Flag3" name="method1" time="0.000"/>
  <testcase classname="testNGAnnotation_Flags.Flag3" name="method1" time="0.001"/>
  <testcase classname="testNGAnnotation_Flags.Flag3" name="method1" time="0.000"/>
  <testcase classname="testNGAnnotation_Flags.Flag3" name="method1" time="0.000"/>
  <testcase classname="testNGAnnotation_Flags.Flag3" name="method1" time="0.000"/>
  <testcase classname="testNGAnnotation_Flags.Flag3" name="method1" time="0.001"/>
  <testcase classname="testNGAnnotation_Flags.Flag3" name="method1" time="0.001"/>
  <testcase classname="testNGAnnotation_Flags.Flag3" name="method1" time="0.000"/>
  <testcase classname="testNGAnnotation_Flags.Flag3" name="method1" time="0.001"/>
  <testcase classname="testNGAnnotation_Flags.Flag3" name="method1" time="0.000"/>
  <testcase classname="testNGAnnotation_Flags.Flag3" name="method1" time="0.000"/>
  <testcase classname="testNGAnnotation_Flags.Flag3" name="method1" time="0.000"/>
  <testcase classname="testNGAnnotation_Flags.Flag3" name="method1" time="0.001"/>
  <testcase classname="testNGAnnotation_Flags.Flag3" name="method1" time="0.000"/>
  <testcase classname="testNGAnnotation_Flags.Flag3" name="method1" time="0.000"/>
  <testcase classname="testNGAnnotation_Flags.Flag3" name="method1" time="0.001"/>
  <testcase classname="testNGAnnotation_Flags.Flag3" name="method1" time="0.000"/>
  <testcase classname="testNGAnnotation_Flags.Flag3" name="method1" time="0.001"/>
  <testcase classname="testNGAnnotation_Flags.Flag3" name="method1" time="0.000"/>
  <testcase classname="testNGAnnotation_Flags.Flag3" name="method1" time="0.000"/>
  <testcase classname="testNGAnnotation_Flags.Flag3" name="method1" time="0.000"/>
  <testcase classname="testNGAnnotation_Flags.Flag3" name="method1" time="0.000"/>
  <testcase classname="testNGAnnotation_Flags.Flag3" name="method1" time="0.001"/>
  <testcase classname="testNGAnnotation_Flags.Flag3" name="method1" time="0.000"/>
  <testcase classname="testNGAnnotation_Flags.Flag3" name="method1" time="0.002"/>
  <testcase classname="testNGAnnotation_Flags.Flag3" name="method1" time="0.000"/>
  <testcase classname="testNGAnnotation_Flags.Flag3" name="method1" time="0.000"/>
  <testcase classname="testNGAnnotation_Flags.Flag3" name="method1" time="0.000"/>
  <testcase classname="testNGAnnotation_Flags.Flag3" name="method1" time="0.000"/>
  <testcase classname="testNGAnnotation_Flags.Flag3" name="method1" time="0.000"/>
  <testcase classname="testNGAnnotation_Flags.Flag3" name="method1" time="0.000"/>
  <testcase classname="testNGAnnotation_Flags.Flag3" name="method1" time="0.000"/>
  <testcase classname="testNGAnnotation_Flags.Flag3" name="method1" time="0.001"/>
  <testcase classname="testNGAnnotation_Flags.Flag3" name="method1" time="0.000"/>
  <testcase classname="testNGAnnotation_Flags.Flag3" name="method1" time="0.000"/>
  <testcase classname="testNGAnnotation_Flags.Flag3" name="method1" time="0.000"/>
  <testcase classname="testNGAnnotation_Flags.Flag3" name="method1" time="0.000"/>
  <testcase classname="testNGAnnotation_Flags.Flag3" name="method1" time="0.000"/>
  <testcase classname="testNGAnnotation_Flags.Flag3" name="method1" time="0.000"/>
  <testcase classname="testNGAnnotation_Flags.Flag3" name="method1" time="0.000"/>
  <testcase classname="testNGAnnotation_Flags.Flag3" name="method1" time="0.001"/>
  <testcase classname="testNGAnnotation_Flags.Flag3" name="method1" time="0.001"/>
  <testcase classname="testNGAnnotation_Flags.Flag3" name="method1" time="0.000"/>
  <testcase classname="testNGAnnotation_Flags.Flag3" name="method1" time="0.000"/>
  <testcase classname="testNGAnnotation_Flags.Flag3" name="method1" time="0.001"/>
  <testcase classname="testNGAnnotation_Flags.Flag3" name="method1" time="0.000"/>
  <testcase classname="testNGAnnotation_Flags.Flag3" name="method1" time="0.000"/>
  <testcase classname="testNGAnnotation_Flags.Flag3" name="method1" time="0.000"/>
  <testcase classname="testNGAnnotation_Flags.Flag3" name="method1" time="0.000"/>
  <testcase classname="testNGAnnotation_Flags.Flag3" name="method1" time="0.000"/>
  <testcase classname="testNGAnnotation_Flags.Flag3" name="method1" time="0.000"/>
  <testcase classname="testNGAnnotation_Flags.Flag3" name="method1" time="0.000"/>
  <testcase classname="testNGAnnotation_Flags.Flag3" name="method1" time="0.000"/>
  <testcase classname="testNGAnnotation_Flags.Flag3" name="method1" time="0.000"/>
  <testcase classname="testNGAnnotation_Flags.Flag3" name="method1" time="0.001"/>
  <testcase classname="testNGAnnotation_Flags.Flag3" name="method1" time="0.000"/>
  <testcase classname="testNGAnnotation_Flags.Flag3" name="method1" time="0.001"/>
  <testcase classname="testNGAnnotation_Flags.Flag3" name="method1" time="0.000"/>
  <testcase classname="testNGAnnotation_Flags.Flag3" name="method1" time="0.002"/>
  <testcase classname="testNGAnnotation_Flags.Flag3" name="method1" time="0.000"/>
  <testcase classname="testNGAnnotation_Flags.Flag3" name="method1" time="0.001"/>
  <testcase classname="testNGAnnotation_Flags.Flag3" name="method1" time="0.001"/>
  <testcase classname="testNGAnnotation_Flags.Flag3" name="method1" time="0.000"/>
  <testcase classname="testNGAnnotation_Flags.Flag3" name="method1" time="0.002"/>
  <testcase classname="testNGAnnotation_Flags.Flag3" name="method1" time="0.000"/>
  <testcase classname="testNGAnnotation_Flags.Flag3" name="method1" time="0.000"/>
  <testcase classname="testNGAnnotation_Flags.Flag3" name="method1" time="0.000"/>
  <testcase classname="testNGAnnotation_Flags.Flag3" name="method1" time="0.000"/>
  <testcase classname="testNGAnnotation_Flags.Flag3" name="method1" time="0.001"/>
  <testcase classname="testNGAnnotation_Flags.Flag3" name="method1" time="0.000"/>
  <testcase classname="testNGAnnotation_Flags.Flag3" name="method1" time="0.001"/>
  <testcase classname="testNGAnnotation_Flags.Flag3" name="method1" time="0.000"/>
  <testcase classname="testNGAnnotation_Flags.Flag3" name="method1" time="0.000"/>
  <testcase classname="testNGAnnotation_Flags.Flag3" name="method1" time="0.001"/>
  <testcase classname="testNGAnnotation_Flags.Flag3" name="method1" time="0.000"/>
  <testcase classname="testNGAnnotation_Flags.Flag3" name="method1" time="0.000"/>
  <testcase classname="testNGAnnotation_Flags.Flag3" name="method1" time="0.001"/>
  <testcase classname="testNGAnnotation_Flags.Flag3" name="method1" time="0.000"/>
  <testcase classname="testNGAnnotation_Flags.Flag3" name="method1" time="0.000"/>
  <testcase classname="testNGAnnotation_Flags.Flag3" name="method1" time="0.000"/>
  <testcase classname="testNGAnnotation_Flags.Flag3" name="method1" time="0.001"/>
  <testcase classname="testNGAnnotation_Flags.Flag3" name="method1" time="0.000"/>
  <testcase classname="testNGAnnotation_Flags.Flag3" name="method1" time="0.000"/>
  <testcase classname="testNGAnnotation_Flags.Flag3" name="method1" time="0.000"/>
  <testcase classname="testNGAnnotation_Flags.Flag3" name="method1" time="0.000"/>
  <testcase classname="testNGAnnotation_Flags.Flag3" name="method1" time="0.000"/>
  <testcase classname="testNGAnnotation_Flags.Flag3" name="method1" time="0.001"/>
  <testcase classname="testNGAnnotation_Flags.Flag3" name="method1" time="0.000"/>
  <testcase classname="testNGAnnotation_Flags.Flag3" name="method1" time="0.000"/>
  <testcase classname="testNGAnnotation_Flags.Flag3" name="method1" time="0.000"/>
  <testcase classname="testNGAnnotation_Flags.Flag3" name="method1" time="0.000"/>
  <testcase classname="testNGAnnotation_Flags.Flag3" name="method1" time="0.000"/>
  <testcase classname="testNGAnnotation_Flags.Flag3" name="method1" time="0.000"/>
  <testcase classname="testNGAnnotation_Flags.Flag3" name="method1" time="0.000"/>
  <testcase classname="testNGAnnotation_Flags.Flag3" name="method1" time="0.000"/>
  <testcase classname="testNGAnnotation_Flags.Flag3" name="method1" time="0.001"/>
  <testcase classname="testNGAnnotation_Flags.Flag3" name="method1" time="0.000"/>
  <testcase classname="testNGAnnotation_Flags.Flag3" name="method1" time="0.000"/>
  <testcase classname="testNGAnnotation_Flags.Flag3" name="method1" time="0.001"/>
  <testcase classname="testNGAnnotation_Flags.Flag3" name="method1" time="0.000"/>
  <testcase classname="testNGAnnotation_Flags.Flag3" name="method1" time="0.000"/>
  <testcase classname="testNGAnnotation_Flags.Flag3" name="method1" time="0.001"/>
  <testcase classname="testNGAnnotation_Flags.Flag3" name="method1" time="0.000"/>
  <testcase classname="testNGAnnotation_Flags.Flag3" name="method1" time="0.000"/>
  <testcase classname="testNGAnnotation_Flags.Flag3" name="method1" time="0.001"/>
  <testcase classname="testNGAnnotation_Flags.Flag3" name="method1" time="0.000"/>
  <testcase classname="testNGAnnotation_Flags.Flag3" name="method1" time="0.000"/>
  <testcase classname="testNGAnnotation_Flags.Flag3" name="method1" time="0.002"/>
  <testcase classname="testNGAnnotation_Flags.Flag3" name="method1" time="0.000"/>
  <testcase classname="testNGAnnotation_Flags.Flag3" name="method1" time="0.000"/>
  <testcase classname="testNGAnnotation_Flags.Flag3" name="method1" time="0.000"/>
  <testcase classname="testNGAnnotation_Flags.Flag3" name="method1" time="0.000"/>
  <testcase classname="testNGAnnotation_Flags.Flag3" name="method1" time="0.000"/>
  <testcase classname="testNGAnnotation_Flags.Flag3" name="method1" time="0.000"/>
  <testcase classname="testNGAnnotation_Flags.Flag3" name="method1" time="0.001"/>
  <testcase classname="testNGAnnotation_Flags.Flag3" name="method1" time="0.000"/>
  <testcase classname="testNGAnnotation_Flags.Flag3" name="method1" time="0.000"/>
  <testcase classname="testNGAnnotation_Flags.Flag3" name="method1" time="0.000"/>
  <testcase classname="testNGAnnotation_Flags.Flag3" name="method1" time="0.000"/>
  <testcase classname="testNGAnnotation_Flags.Flag3" name="method1" time="0.000"/>
  <testcase classname="testNGAnnotation_Flags.Flag3" name="method1" time="0.001"/>
  <testcase classname="testNGAnnotation_Flags.Flag3" name="method1" time="0.000"/>
  <testcase classname="testNGAnnotation_Flags.Flag3" name="method1" time="0.000"/>
  <testcase classname="testNGAnnotation_Flags.Flag3" name="method1" time="0.000"/>
  <testcase classname="testNGAnnotation_Flags.Flag3" name="method1" time="0.001"/>
  <testcase classname="testNGAnnotation_Flags.Flag3" name="method1" time="0.000"/>
  <testcase classname="testNGAnnotation_Flags.Flag3" name="method1" time="0.000"/>
  <testcase classname="testNGAnnotation_Flags.Flag3" name="method1" time="0.000"/>
  <testcase classname="testNGAnnotation_Flags.Flag3" name="method1" time="0.000"/>
  <testcase classname="testNGAnnotation_Flags.Flag3" name="method1" time="0.000"/>
  <testcase classname="testNGAnnotation_Flags.Flag3" name="method1" time="0.000"/>
  <testcase classname="testNGAnnotation_Flags.Flag3" name="method1" time="0.000"/>
  <testcase classname="testNGAnnotation_Flags.Flag3" name="method1" time="0.000"/>
  <testcase classname="testNGAnnotation_Flags.Flag3" name="method1" time="0.001"/>
  <testcase classname="testNGAnnotation_Flags.Flag3" name="method1" time="0.000"/>
  <testcase classname="testNGAnnotation_Flags.Flag3" name="method1" time="0.002"/>
  <testcase classname="testNGAnnotation_Flags.Flag3" name="method1" time="0.000"/>
  <testcase classname="testNGAnnotation_Flags.Flag3" name="method1" time="0.000"/>
  <testcase classname="testNGAnnotation_Flags.Flag3" name="method1" time="0.000"/>
  <testcase classname="testNGAnnotation_Flags.Flag3" name="method1" time="0.000"/>
  <testcase classname="testNGAnnotation_Flags.Flag3" name="method1" time="0.001"/>
  <testcase classname="testNGAnnotation_Flags.Flag3" name="method1" time="0.001"/>
  <testcase classname="testNGAnnotation_Flags.Flag3" name="method1" time="0.000"/>
  <testcase classname="testNGAnnotation_Flags.Flag3" name="method1" time="0.000"/>
  <testcase classname="testNGAnnotation_Flags.Flag3" name="method1" time="0.001"/>
  <testcase classname="testNGAnnotation_Flags.Flag3" name="method1" time="0.000"/>
  <testcase classname="testNGAnnotation_Flags.Flag3" name="method1" time="0.000"/>
  <testcase classname="testNGAnnotation_Flags.Flag3" name="method1" time="0.000"/>
  <testcase classname="testNGAnnotation_Flags.Flag3" name="method1" time="0.000"/>
  <testcase classname="testNGAnnotation_Flags.Flag3" name="method1" time="0.000"/>
  <testcase classname="testNGAnnotation_Flags.Flag3" name="method1" time="0.000"/>
  <testcase classname="testNGAnnotation_Flags.Flag3" name="method1" time="0.000"/>
  <testcase classname="testNGAnnotation_Flags.Flag3" name="method1" time="0.000"/>
  <testcase classname="testNGAnnotation_Flags.Flag3" name="method1" time="0.000"/>
  <testcase classname="testNGAnnotation_Flags.Flag3" name="method1" time="0.000"/>
  <testcase classname="testNGAnnotation_Flags.Flag3" name="method1" time="0.000"/>
  <testcase classname="testNGAnnotation_Flags.Flag3" name="method1" time="0.000"/>
  <testcase classname="testNGAnnotation_Flags.Flag3" name="method1" time="0.000"/>
  <testcase classname="testNGAnnotation_Flags.Flag3" name="method1" time="0.000"/>
  <testcase classname="testNGAnnotation_Flags.Flag3" name="method1" time="0.000"/>
  <testcase classname="testNGAnnotation_Flags.Flag3" name="method1" time="0.000"/>
  <testcase classname="testNGAnnotation_Flags.Flag3" name="method1" time="0.000"/>
  <testcase classname="testNGAnnotation_Flags.Flag3" name="method1" time="0.001"/>
  <testcase classname="testNGAnnotation_Flags.Flag3" name="method1" time="0.000"/>
  <testcase classname="testNGAnnotation_Flags.Flag3" name="method1" time="0.000"/>
  <testcase classname="testNGAnnotation_Flags.Flag3" name="method1" time="0.000"/>
  <testcase classname="testNGAnnotation_Flags.Flag3" name="method1" time="0.000"/>
  <testcase classname="testNGAnnotation_Flags.Flag3" name="method1" time="0.000"/>
  <testcase classname="testNGAnnotation_Flags.Flag3" name="method1" time="0.000"/>
  <testcase classname="testNGAnnotation_Flags.Flag3" name="method1" time="0.000"/>
  <testcase classname="testNGAnnotation_Flags.Flag3" name="method1" time="0.000"/>
  <testcase classname="testNGAnnotation_Flags.Flag3" name="method1" time="0.000"/>
  <testcase classname="testNGAnnotation_Flags.Flag3" name="method1" time="0.001"/>
  <testcase classname="testNGAnnotation_Flags.Flag3" name="method1" time="0.002"/>
  <testcase classname="testNGAnnotation_Flags.Flag3" name="method1" time="0.000"/>
  <testcase classname="testNGAnnotation_Flags.Flag3" name="method1" time="0.000"/>
  <testcase classname="testNGAnnotation_Flags.Flag3" name="method1" time="0.000"/>
  <testcase classname="testNGAnnotation_Flags.Flag3" name="method1" time="0.001"/>
  <testcase classname="testNGAnnotation_Flags.Flag3" name="method1" time="0.000"/>
  <testcase classname="testNGAnnotation_Flags.Flag3" name="method1" time="0.000"/>
  <testcase classname="testNGAnnotation_Flags.Flag3" name="method1" time="0.000"/>
  <testcase classname="testNGAnnotation_Flags.Flag3" name="method1" time="0.000"/>
  <testcase classname="testNGAnnotation_Flags.Flag3" name="method1" time="0.000"/>
  <testcase classname="testNGAnnotation_Flags.Flag3" name="method1" time="0.000"/>
  <testcase classname="testNGAnnotation_Flags.Flag3" name="method1" time="0.000"/>
  <testcase classname="testNGAnnotation_Flags.Flag3" name="method1" time="0.000"/>
  <testcase classname="testNGAnnotation_Flags.Flag3" name="method1" time="0.002"/>
  <testcase classname="testNGAnnotation_Flags.Flag3" name="method1" time="0.001"/>
  <testcase classname="testNGAnnotation_Flags.Flag3" name="method1" time="0.001"/>
  <testcase classname="testNGAnnotation_Flags.Flag3" name="method1" time="0.001"/>
  <testcase classname="testNGAnnotation_Flags.Flag3" name="method1" time="0.000"/>
  <testcase classname="testNGAnnotation_Flags.Flag3" name="method1" time="0.000"/>
  <testcase classname="testNGAnnotation_Flags.Flag3" name="method1" time="0.000"/>
  <testcase classname="testNGAnnotation_Flags.Flag3" name="method1" time="0.001"/>
  <testcase classname="testNGAnnotation_Flags.Flag3" name="method1" time="0.000"/>
  <testcase classname="testNGAnnotation_Flags.Flag3" name="method1" time="0.002"/>
  <testcase classname="testNGAnnotation_Flags.Flag3" name="method1" time="0.000"/>
  <testcase classname="testNGAnnotation_Flags.Flag3" name="method1" time="0.000"/>
  <testcase classname="testNGAnnotation_Flags.Flag3" name="method1" time="0.001"/>
  <testcase classname="testNGAnnotation_Flags.Flag3" name="method1" time="0.001"/>
  <testcase classname="testNGAnnotation_Flags.Flag3" name="method1" time="0.000"/>
  <testcase classname="testNGAnnotation_Flags.Flag3" name="method1" time="0.001"/>
  <testcase classname="testNGAnnotation_Flags.Flag3" name="method1" time="0.001"/>
  <testcase classname="testNGAnnotation_Flags.Flag3" name="method1" time="0.000"/>
  <testcase classname="testNGAnnotation_Flags.Flag3" name="method1" time="0.000"/>
  <testcase classname="testNGAnnotation_Flags.Flag3" name="method1" time="0.001"/>
  <testcase classname="testNGAnnotation_Flags.Flag3" name="method1" time="0.000"/>
  <testcase classname="testNGAnnotation_Flags.Flag3" name="method1" time="0.001"/>
  <testcase classname="testNGAnnotation_Flags.Flag3" name="method1" time="0.000"/>
  <testcase classname="testNGAnnotation_Flags.Flag3" name="method1" time="0.001"/>
  <testcase classname="testNGAnnotation_Flags.Flag3" name="method1" time="0.001"/>
  <testcase classname="testNGAnnotation_Flags.Flag3" name="method1" time="0.001"/>
  <testcase classname="testNGAnnotation_Flags.Flag3" name="method1" time="0.000"/>
  <testcase classname="testNGAnnotation_Flags.Flag3" name="method1" time="0.000"/>
  <testcase classname="testNGAnnotation_Flags.Flag3" name="method1" time="0.000"/>
  <testcase classname="testNGAnnotation_Flags.Flag3" name="method1" time="0.000"/>
  <testcase classname="testNGAnnotation_Flags.Flag3" name="method1" time="0.000"/>
  <testcase classname="testNGAnnotation_Flags.Flag3" name="method1" time="0.000"/>
  <testcase classname="testNGAnnotation_Flags.Flag3" name="method1" time="0.001"/>
  <testcase classname="testNGAnnotation_Flags.Flag3" name="method1" time="0.000"/>
  <testcase classname="testNGAnnotation_Flags.Flag3" name="method1" time="0.000"/>
  <testcase classname="testNGAnnotation_Flags.Flag3" name="method1" time="0.000"/>
  <testcase classname="testNGAnnotation_Flags.Flag3" name="method1" time="0.000"/>
  <testcase classname="testNGAnnotation_Flags.Flag3" name="method1" time="0.000"/>
  <testcase classname="testNGAnnotation_Flags.Flag3" name="method1" time="0.001"/>
  <testcase classname="testNGAnnotation_Flags.Flag3" name="method1" time="0.001"/>
  <testcase classname="testNGAnnotation_Flags.Flag3" name="method1" time="0.001"/>
  <testcase classname="testNGAnnotation_Flags.Flag3" name="method1" time="0.000"/>
  <testcase classname="testNGAnnotation_Flags.Flag3" name="method1" time="0.000"/>
  <testcase classname="testNGAnnotation_Flags.Flag3" name="method1" time="0.001"/>
  <testcase classname="testNGAnnotation_Flags.Flag3" name="method1" time="0.000"/>
  <testcase classname="testNGAnnotation_Flags.Flag3" name="method1" time="0.000"/>
  <testcase classname="testNGAnnotation_Flags.Flag3" name="method1" time="0.000"/>
  <testcase classname="testNGAnnotation_Flags.Flag3" name="method1" time="0.001"/>
  <testcase classname="testNGAnnotation_Flags.Flag3" name="method1" time="0.000"/>
  <testcase classname="testNGAnnotation_Flags.Flag3" name="method1" time="0.000"/>
  <testcase classname="testNGAnnotation_Flags.Flag3" name="method1" time="0.000"/>
  <testcase classname="testNGAnnotation_Flags.Flag3" name="method1" time="0.000"/>
  <testcase classname="testNGAnnotation_Flags.Flag3" name="method1" time="0.000"/>
  <testcase classname="testNGAnnotation_Flags.Flag3" name="method1" time="0.000"/>
  <testcase classname="testNGAnnotation_Flags.Flag3" name="method1" time="0.000"/>
  <testcase classname="testNGAnnotation_Flags.Flag3" name="method1" time="0.001"/>
  <testcase classname="testNGAnnotation_Flags.Flag3" name="method1" time="0.000"/>
  <testcase classname="testNGAnnotation_Flags.Flag3" name="method1" time="0.002"/>
  <testcase classname="testNGAnnotation_Flags.Flag3" name="method1" time="0.000"/>
  <testcase classname="testNGAnnotation_Flags.Flag3" name="method1" time="0.000"/>
  <testcase classname="testNGAnnotation_Flags.Flag3" name="method1" time="0.000"/>
  <testcase classname="testNGAnnotation_Flags.Flag3" name="method1" time="0.000"/>
  <testcase classname="testNGAnnotation_Flags.Flag3" name="method1" time="0.000"/>
  <testcase classname="testNGAnnotation_Flags.Flag3" name="method1" time="0.000"/>
  <testcase classname="testNGAnnotation_Flags.Flag3" name="method1" time="0.001"/>
  <testcase classname="testNGAnnotation_Flags.Flag3" name="method1" time="0.001"/>
  <testcase classname="testNGAnnotation_Flags.Flag3" name="method1" time="0.000"/>
  <testcase classname="testNGAnnotation_Flags.Flag3" name="method1" time="0.002"/>
  <testcase classname="testNGAnnotation_Flags.Flag3" name="method1" time="0.000"/>
  <testcase classname="testNGAnnotation_Flags.Flag3" name="method1" time="0.000"/>
  <testcase classname="testNGAnnotation_Flags.Flag3" name="method1" time="0.000"/>
  <testcase classname="testNGAnnotation_Flags.Flag3" name="method1" time="0.000"/>
  <testcase classname="testNGAnnotation_Flags.Flag3" name="method1" time="0.000"/>
  <testcase classname="testNGAnnotation_Flags.Flag3" name="method1" time="0.000"/>
  <testcase classname="testNGAnnotation_Flags.Flag3" name="method1" time="0.000"/>
  <testcase classname="testNGAnnotation_Flags.Flag3" name="method1" time="0.000"/>
  <testcase classname="testNGAnnotation_Flags.Flag3" name="method1" time="0.000"/>
  <testcase classname="testNGAnnotation_Flags.Flag3" name="method1" time="0.001"/>
  <testcase classname="testNGAnnotation_Flags.Flag3" name="method1" time="0.000"/>
  <testcase classname="testNGAnnotation_Flags.Flag3" name="method1" time="0.000"/>
  <testcase classname="testNGAnnotation_Flags.Flag3" name="method1" time="0.000"/>
  <testcase classname="testNGAnnotation_Flags.Flag3" name="method1" time="0.000"/>
  <testcase classname="testNGAnnotation_Flags.Flag3" name="method1" time="0.001"/>
  <testcase classname="testNGAnnotation_Flags.Flag3" name="method1" time="0.000"/>
  <testcase classname="testNGAnnotation_Flags.Flag3" name="method1" time="0.000"/>
  <testcase classname="testNGAnnotation_Flags.Flag3" name="method1" time="0.000"/>
  <testcase classname="testNGAnnotation_Flags.Flag3" name="method1" time="0.000"/>
  <testcase classname="testNGAnnotation_Flags.Flag3" name="method1" time="0.000"/>
  <testcase classname="testNGAnnotation_Flags.Flag3" name="method1" time="0.000"/>
  <testcase classname="testNGAnnotation_Flags.Flag3" name="method1" time="0.000"/>
  <testcase classname="testNGAnnotation_Flags.Flag3" name="method1" time="0.000"/>
  <testcase classname="testNGAnnotation_Flags.Flag3" name="method1" time="0.000"/>
  <testcase classname="testNGAnnotation_Flags.Flag3" name="method1" time="0.000"/>
  <testcase classname="testNGAnnotation_Flags.Flag3" name="method1" time="0.001"/>
  <testcase classname="testNGAnnotation_Flags.Flag3" name="method1" time="0.000"/>
  <testcase classname="testNGAnnotation_Flags.Flag3" name="method1" time="0.000"/>
  <testcase classname="testNGAnnotation_Flags.Flag3" name="method1" time="0.000"/>
  <testcase classname="testNGAnnotation_Flags.Flag3" name="method1" time="0.000"/>
  <testcase classname="testNGAnnotation_Flags.Flag3" name="method1" time="0.000"/>
  <testcase classname="testNGAnnotation_Flags.Flag3" name="method1" time="0.001"/>
  <testcase classname="testNGAnnotation_Flags.Flag3" name="method1" time="0.000"/>
  <testcase classname="testNGAnnotation_Flags.Flag3" name="method1" time="0.003"/>
  <testcase classname="testNGAnnotation_Flags.Flag3" name="method1" time="0.000"/>
  <testcase classname="testNGAnnotation_Flags.Flag3" name="method1" time="0.000"/>
  <testcase classname="testNGAnnotation_Flags.Flag3" name="method1" time="0.000"/>
  <testcase classname="testNGAnnotation_Flags.Flag3" name="method1" time="0.001"/>
  <testcase classname="testNGAnnotation_Flags.Flag3" name="method1" time="0.001"/>
  <testcase classname="testNGAnnotation_Flags.Flag3" name="method1" time="0.000"/>
  <testcase classname="testNGAnnotation_Flags.Flag3" name="method1" time="0.000"/>
  <testcase classname="testNGAnnotation_Flags.Flag3" name="method1" time="0.001"/>
  <testcase classname="testNGAnnotation_Flags.Flag3" name="method1" time="0.000"/>
  <testcase classname="testNGAnnotation_Flags.Flag3" name="method1" time="0.000"/>
  <testcase classname="testNGAnnotation_Flags.Flag3" name="method1" time="0.002"/>
  <testcase classname="testNGAnnotation_Flags.Flag3" name="method1" time="0.000"/>
  <testcase classname="testNGAnnotation_Flags.Flag3" name="method1" time="0.000"/>
  <testcase classname="testNGAnnotation_Flags.Flag3" name="method1" time="0.008"/>
  <testcase classname="testNGAnnotation_Flags.Flag3" name="method1" time="0.001"/>
  <testcase classname="testNGAnnotation_Flags.Flag3" name="method1" time="0.000"/>
  <testcase classname="testNGAnnotation_Flags.Flag3" name="method1" time="0.000"/>
  <testcase classname="testNGAnnotation_Flags.Flag3" name="method1" time="0.000"/>
  <testcase classname="testNGAnnotation_Flags.Flag3" name="method1" time="0.001"/>
  <testcase classname="testNGAnnotation_Flags.Flag3" name="method1" time="0.000"/>
  <testcase classname="testNGAnnotation_Flags.Flag3" name="method1" time="0.002"/>
  <testcase classname="testNGAnnotation_Flags.Flag3" name="method1" time="0.002"/>
  <testcase classname="testNGAnnotation_Flags.Flag3" name="method1" time="0.000"/>
  <testcase classname="testNGAnnotation_Flags.Flag3" name="method1" time="0.000"/>
  <testcase classname="testNGAnnotation_Flags.Flag3" name="method1" time="0.000"/>
  <testcase classname="testNGAnnotation_Flags.Flag3" name="method1" time="0.001"/>
  <testcase classname="testNGAnnotation_Flags.Flag3" name="method1" time="0.000"/>
  <testcase classname="testNGAnnotation_Flags.Flag3" name="method1" time="0.000"/>
  <testcase classname="testNGAnnotation_Flags.Flag3" name="method1" time="0.001"/>
  <testcase classname="testNGAnnotation_Flags.Flag3" name="method1" time="0.000"/>
  <testcase classname="testNGAnnotation_Flags.Flag3" name="method1" time="0.001"/>
  <testcase classname="testNGAnnotation_Flags.Flag3" name="method1" time="0.000"/>
  <testcase classname="testNGAnnotation_Flags.Flag3" name="method1" time="0.000"/>
  <testcase classname="testNGAnnotation_Flags.Flag3" name="method1" time="0.000"/>
  <testcase classname="testNGAnnotation_Flags.Flag3" name="method1" time="0.000"/>
  <testcase classname="testNGAnnotation_Flags.Flag3" name="method1" time="0.000"/>
  <testcase classname="testNGAnnotation_Flags.Flag3" name="method1" time="0.000"/>
  <testcase classname="testNGAnnotation_Flags.Flag3" name="method1" time="0.000"/>
  <testcase classname="testNGAnnotation_Flags.Flag3" name="method1" time="0.000"/>
  <testcase classname="testNGAnnotation_Flags.Flag3" name="method1" time="0.000"/>
  <testcase classname="testNGAnnotation_Flags.Flag3" name="method1" time="0.001"/>
  <testcase classname="testNGAnnotation_Flags.Flag3" name="method1" time="0.001"/>
  <testcase classname="testNGAnnotation_Flags.Flag3" name="method1" time="0.000"/>
  <testcase classname="testNGAnnotation_Flags.Flag3" name="method1" time="0.000"/>
  <testcase classname="testNGAnnotation_Flags.Flag3" name="method1" time="0.000"/>
  <testcase classname="testNGAnnotation_Flags.Flag3" name="method1" time="0.000"/>
  <testcase classname="testNGAnnotation_Flags.Flag3" name="method1" time="0.001"/>
  <testcase classname="testNGAnnotation_Flags.Flag3" name="method1" time="0.000"/>
  <testcase classname="testNGAnnotation_Flags.Flag3" name="method1" time="0.000"/>
  <testcase classname="testNGAnnotation_Flags.Flag3" name="method1" time="0.000"/>
  <testcase classname="testNGAnnotation_Flags.Flag3" name="method1" time="0.000"/>
  <testcase classname="testNGAnnotation_Flags.Flag3" name="method1" time="0.000"/>
  <testcase classname="testNGAnnotation_Flags.Flag3" name="method1" time="0.001"/>
  <testcase classname="testNGAnnotation_Flags.Flag3" name="method1" time="0.000"/>
  <testcase classname="testNGAnnotation_Flags.Flag3" name="method1" time="0.001"/>
  <testcase classname="testNGAnnotation_Flags.Flag3" name="method1" time="0.000"/>
  <testcase classname="testNGAnnotation_Flags.Flag3" name="method1" time="0.000"/>
  <testcase classname="testNGAnnotation_Flags.Flag3" name="method1" time="0.000"/>
  <testcase classname="testNGAnnotation_Flags.Flag3" name="method1" time="0.000"/>
  <testcase classname="testNGAnnotation_Flags.Flag3" name="method1" time="0.000"/>
  <testcase classname="testNGAnnotation_Flags.Flag3" name="method1" time="0.001"/>
  <testcase classname="testNGAnnotation_Flags.Flag3" name="method1" time="0.001"/>
  <testcase classname="testNGAnnotation_Flags.Flag3" name="method1" time="0.000"/>
  <testcase classname="testNGAnnotation_Flags.Flag3" name="method1" time="0.001"/>
  <testcase classname="testNGAnnotation_Flags.Flag3" name="method1" time="0.000"/>
  <testcase classname="testNGAnnotation_Flags.Flag3" name="method1" time="0.000"/>
  <testcase classname="testNGAnnotation_Flags.Flag3" name="method1" time="0.000"/>
  <testcase classname="testNGAnnotation_Flags.Flag3" name="method1" time="0.000"/>
  <testcase classname="testNGAnnotation_Flags.Flag3" name="method1" time="0.000"/>
  <testcase classname="testNGAnnotation_Flags.Flag3" name="method1" time="0.000"/>
  <testcase classname="testNGAnnotation_Flags.Flag3" name="method1" time="0.000"/>
  <testcase classname="testNGAnnotation_Flags.Flag3" name="method1" time="0.001"/>
  <testcase classname="testNGAnnotation_Flags.Flag3" name="method1" time="0.000"/>
  <testcase classname="testNGAnnotation_Flags.Flag3" name="method1" time="0.001"/>
  <testcase classname="testNGAnnotation_Flags.Flag3" name="method1" time="0.000"/>
  <testcase classname="testNGAnnotation_Flags.Flag3" name="method1" time="0.001"/>
  <testcase classname="testNGAnnotation_Flags.Flag3" name="method1" time="0.000"/>
  <testcase classname="testNGAnnotation_Flags.Flag3" name="method1" time="0.000"/>
  <testcase classname="testNGAnnotation_Flags.Flag3" name="method1" time="0.001"/>
  <testcase classname="testNGAnnotation_Flags.Flag3" name="method1" time="0.000"/>
  <testcase classname="testNGAnnotation_Flags.Flag3" name="method1" time="0.000"/>
  <testcase classname="testNGAnnotation_Flags.Flag3" name="method1" time="0.000"/>
  <testcase classname="testNGAnnotation_Flags.Flag3" name="method1" time="0.001"/>
  <testcase classname="testNGAnnotation_Flags.Flag3" name="method1" time="0.001"/>
  <testcase classname="testNGAnnotation_Flags.Flag3" name="method1" time="0.000"/>
  <testcase classname="testNGAnnotation_Flags.Flag3" name="method1" time="0.001"/>
  <testcase classname="testNGAnnotation_Flags.Flag3" name="method1" time="0.000"/>
  <testcase classname="testNGAnnotation_Flags.Flag3" name="method1" time="0.000"/>
  <testcase classname="testNGAnnotation_Flags.Flag3" name="method1" time="0.001"/>
  <testcase classname="testNGAnnotation_Flags.Flag3" name="method1" time="0.000"/>
  <testcase classname="testNGAnnotation_Flags.Flag3" name="method1" time="0.000"/>
  <testcase classname="testNGAnnotation_Flags.Flag3" name="method1" time="0.000"/>
  <testcase classname="testNGAnnotation_Flags.Flag3" name="method1" time="0.000"/>
  <testcase classname="testNGAnnotation_Flags.Flag3" name="method1" time="0.000"/>
  <testcase classname="testNGAnnotation_Flags.Flag3" name="method1" time="0.000"/>
  <testcase classname="testNGAnnotation_Flags.Flag3" name="method1" time="0.000"/>
  <testcase classname="testNGAnnotation_Flags.Flag3" name="method1" time="0.000"/>
  <testcase classname="testNGAnnotation_Flags.Flag3" name="method1" time="0.001"/>
  <testcase classname="testNGAnnotation_Flags.Flag3" name="method1" time="0.000"/>
  <testcase classname="testNGAnnotation_Flags.Flag3" name="method1" time="0.001"/>
  <testcase classname="testNGAnnotation_Flags.Flag3" name="method1" time="0.000"/>
  <testcase classname="testNGAnnotation_Flags.Flag3" name="method1" time="0.000"/>
  <testcase classname="testNGAnnotation_Flags.Flag3" name="method1" time="0.000"/>
  <testcase classname="testNGAnnotation_Flags.Flag3" name="method1" time="0.000"/>
  <testcase classname="testNGAnnotation_Flags.Flag3" name="method1" time="0.000"/>
  <testcase classname="testNGAnnotation_Flags.Flag3" name="method1" time="0.000"/>
  <testcase classname="testNGAnnotation_Flags.Flag3" name="method1" time="0.000"/>
  <testcase classname="testNGAnnotation_Flags.Flag3" name="method1" time="0.000"/>
  <testcase classname="testNGAnnotation_Flags.Flag3" name="method1" time="0.000"/>
  <testcase classname="testNGAnnotation_Flags.Flag3" name="method1" time="0.000"/>
  <testcase classname="testNGAnnotation_Flags.Flag3" name="method1" time="0.001"/>
  <testcase classname="testNGAnnotation_Flags.Flag3" name="method1" time="0.000"/>
  <testcase classname="testNGAnnotation_Flags.Flag3" name="method1" time="0.000"/>
  <testcase classname="testNGAnnotation_Flags.Flag3" name="method1" time="0.001"/>
  <testcase classname="testNGAnnotation_Flags.Flag3" name="method1" time="0.000"/>
  <testcase classname="testNGAnnotation_Flags.Flag3" name="method1" time="0.000"/>
  <testcase classname="testNGAnnotation_Flags.Flag3" name="method1" time="0.000"/>
  <testcase classname="testNGAnnotation_Flags.Flag3" name="method1" time="0.000"/>
  <testcase classname="testNGAnnotation_Flags.Flag3" name="method1" time="0.001"/>
  <testcase classname="testNGAnnotation_Flags.Flag3" name="method1" time="0.001"/>
  <testcase classname="testNGAnnotation_Flags.Flag3" name="method1" time="0.001"/>
  <testcase classname="testNGAnnotation_Flags.Flag3" name="method1" time="0.001"/>
  <testcase classname="testNGAnnotation_Flags.Flag3" name="method1" time="0.000"/>
  <testcase classname="testNGAnnotation_Flags.Flag3" name="method1" time="0.000"/>
  <testcase classname="testNGAnnotation_Flags.Flag3" name="method1" time="0.000"/>
  <testcase classname="testNGAnnotation_Flags.Flag3" name="method1" time="0.000"/>
  <testcase classname="testNGAnnotation_Flags.Flag3" name="method1" time="0.001"/>
  <testcase classname="testNGAnnotation_Flags.Flag3" name="method1" time="0.000"/>
  <testcase classname="testNGAnnotation_Flags.Flag3" name="method1" time="0.000"/>
  <testcase classname="testNGAnnotation_Flags.Flag3" name="method1" time="0.000"/>
  <testcase classname="testNGAnnotation_Flags.Flag3" name="method1" time="0.000"/>
  <testcase classname="testNGAnnotation_Flags.Flag3" name="method1" time="0.000"/>
  <testcase classname="testNGAnnotation_Flags.Flag3" name="method1" time="0.000"/>
  <testcase classname="testNGAnnotation_Flags.Flag3" name="method1" time="0.000"/>
  <testcase classname="testNGAnnotation_Flags.Flag3" name="method1" time="0.001"/>
  <testcase classname="testNGAnnotation_Flags.Flag3" name="method1" time="0.000"/>
  <testcase classname="testNGAnnotation_Flags.Flag3" name="method1" time="0.000"/>
  <testcase classname="testNGAnnotation_Flags.Flag3" name="method1" time="0.002"/>
  <testcase classname="testNGAnnotation_Flags.Flag3" name="method1" time="0.000"/>
  <testcase classname="testNGAnnotation_Flags.Flag3" name="method1" time="0.000"/>
  <testcase classname="testNGAnnotation_Flags.Flag3" name="method1" time="0.000"/>
  <testcase classname="testNGAnnotation_Flags.Flag3" name="method1" time="0.000"/>
  <testcase classname="testNGAnnotation_Flags.Flag3" name="method1" time="0.000"/>
  <testcase classname="testNGAnnotation_Flags.Flag3" name="method1" time="0.000"/>
  <testcase classname="testNGAnnotation_Flags.Flag3" name="method1" time="0.000"/>
  <testcase classname="testNGAnnotation_Flags.Flag3" name="method1" time="0.000"/>
  <testcase classname="testNGAnnotation_Flags.Flag3" name="method1" time="0.000"/>
  <testcase classname="testNGAnnotation_Flags.Flag3" name="method1" time="0.000"/>
  <testcase classname="testNGAnnotation_Flags.Flag3" name="method1" time="0.001"/>
  <testcase classname="testNGAnnotation_Flags.Flag3" name="method1" time="0.000"/>
  <testcase classname="testNGAnnotation_Flags.Flag3" name="method1" time="0.001"/>
  <testcase classname="testNGAnnotation_Flags.Flag3" name="method1" time="0.000"/>
  <testcase classname="testNGAnnotation_Flags.Flag3" name="method1" time="0.001"/>
  <testcase classname="testNGAnnotation_Flags.Flag3" name="method1" time="0.000"/>
  <testcase classname="testNGAnnotation_Flags.Flag3" name="method1" time="0.000"/>
  <testcase classname="testNGAnnotation_Flags.Flag3" name="method1" time="0.000"/>
  <testcase classname="testNGAnnotation_Flags.Flag3" name="method1" time="0.000"/>
  <testcase classname="testNGAnnotation_Flags.Flag3" name="method1" time="0.000"/>
  <testcase classname="testNGAnnotation_Flags.Flag3" name="method1" time="0.000"/>
  <testcase classname="testNGAnnotation_Flags.Flag3" name="method1" time="0.000"/>
  <testcase classname="testNGAnnotation_Flags.Flag3" name="method1" time="0.000"/>
  <testcase classname="testNGAnnotation_Flags.Flag3" name="method1" time="0.000"/>
  <testcase classname="testNGAnnotation_Flags.Flag3" name="method1" time="0.000"/>
  <testcase classname="testNGAnnotation_Flags.Flag3" name="method1" time="0.000"/>
  <testcase classname="testNGAnnotation_Flags.Flag3" name="method1" time="0.000"/>
  <testcase classname="testNGAnnotation_Flags.Flag3" name="method1" time="0.001"/>
  <testcase classname="testNGAnnotation_Flags.Flag3" name="method1" time="0.000"/>
  <testcase classname="testNGAnnotation_Flags.Flag3" name="method1" time="0.001"/>
  <testcase classname="testNGAnnotation_Flags.Flag3" name="method1" time="0.000"/>
  <testcase classname="testNGAnnotation_Flags.Flag3" name="method1" time="0.000"/>
  <testcase classname="testNGAnnotation_Flags.Flag3" name="method1" time="0.001"/>
  <testcase classname="testNGAnnotation_Flags.Flag3" name="method1" time="0.000"/>
  <testcase classname="testNGAnnotation_Flags.Flag3" name="method1" time="0.000"/>
  <testcase classname="testNGAnnotation_Flags.Flag3" name="method1" time="0.000"/>
  <testcase classname="testNGAnnotation_Flags.Flag3" name="method1" time="0.000"/>
  <testcase classname="testNGAnnotation_Flags.Flag3" name="method1" time="0.000"/>
  <testcase classname="testNGAnnotation_Flags.Flag3" name="method1" time="0.000"/>
  <testcase classname="testNGAnnotation_Flags.Flag3" name="method1" time="0.000"/>
  <testcase classname="testNGAnnotation_Flags.Flag3" name="method1" time="0.001"/>
  <testcase classname="testNGAnnotation_Flags.Flag3" name="method1" time="0.000"/>
  <testcase classname="testNGAnnotation_Flags.Flag3" name="method1" time="0.001"/>
  <testcase classname="testNGAnnotation_Flags.Flag3" name="method1" time="0.000"/>
  <testcase classname="testNGAnnotation_Flags.Flag3" name="method1" time="0.001"/>
  <testcase classname="testNGAnnotation_Flags.Flag3" name="method1" time="0.000"/>
  <testcase classname="testNGAnnotation_Flags.Flag3" name="method1" time="0.000"/>
  <testcase classname="testNGAnnotation_Flags.Flag3" name="method1" time="0.001"/>
  <testcase classname="testNGAnnotation_Flags.Flag3" name="method1" time="0.000"/>
  <testcase classname="testNGAnnotation_Flags.Flag3" name="method1" time="0.001"/>
  <testcase classname="testNGAnnotation_Flags.Flag3" name="method1" time="0.001"/>
  <testcase classname="testNGAnnotation_Flags.Flag3" name="method1" time="0.000"/>
  <testcase classname="testNGAnnotation_Flags.Flag3" name="method1" time="0.000"/>
  <testcase classname="testNGAnnotation_Flags.Flag3" name="method1" time="0.001"/>
  <testcase classname="testNGAnnotation_Flags.Flag3" name="method1" time="0.000"/>
  <testcase classname="testNGAnnotation_Flags.Flag3" name="method1" time="0.000"/>
  <testcase classname="testNGAnnotation_Flags.Flag3" name="method1" time="0.001"/>
  <testcase classname="testNGAnnotation_Flags.Flag3" name="method1" time="0.001"/>
  <testcase classname="testNGAnnotation_Flags.Flag3" name="method1" time="0.001"/>
  <testcase classname="testNGAnnotation_Flags.Flag3" name="method1" time="0.000"/>
  <testcase classname="testNGAnnotation_Flags.Flag3" name="method1" time="0.000"/>
  <testcase classname="testNGAnnotation_Flags.Flag3" name="method1" time="0.001"/>
  <testcase classname="testNGAnnotation_Flags.Flag3" name="method1" time="0.000"/>
  <testcase classname="testNGAnnotation_Flags.Flag3" name="method1" time="0.000"/>
  <testcase classname="testNGAnnotation_Flags.Flag3" name="method1" time="0.000"/>
  <testcase classname="testNGAnnotation_Flags.Flag3" name="method1" time="0.000"/>
  <testcase classname="testNGAnnotation_Flags.Flag3" name="method1" time="0.001"/>
  <testcase classname="testNGAnnotation_Flags.Flag3" name="method1" time="0.000"/>
  <testcase classname="testNGAnnotation_Flags.Flag3" name="method1" time="0.001"/>
  <testcase classname="testNGAnnotation_Flags.Flag3" name="method1" time="0.000"/>
  <testcase classname="testNGAnnotation_Flags.Flag3" name="method1" time="0.000"/>
  <testcase classname="testNGAnnotation_Flags.Flag3" name="method1" time="0.000"/>
  <testcase classname="testNGAnnotation_Flags.Flag3" name="method1" time="0.000"/>
  <testcase classname="testNGAnnotation_Flags.Flag3" name="method1" time="0.000"/>
  <testcase classname="testNGAnnotation_Flags.Flag3" name="method1" time="0.001"/>
  <testcase classname="testNGAnnotation_Flags.Flag3" name="method1" time="0.002"/>
  <testcase classname="testNGAnnotation_Flags.Flag3" name="method1" time="0.001"/>
  <testcase classname="testNGAnnotation_Flags.Flag3" name="method1" time="0.000"/>
  <testcase classname="testNGAnnotation_Flags.Flag3" name="method1" time="0.000"/>
  <testcase classname="testNGAnnotation_Flags.Flag3" name="method1" time="0.000"/>
  <testcase classname="testNGAnnotation_Flags.Flag3" name="method1" time="0.000"/>
  <testcase classname="testNGAnnotation_Flags.Flag3" name="method1" time="0.000"/>
  <testcase classname="testNGAnnotation_Flags.Flag3" name="method1" time="0.000"/>
  <testcase classname="testNGAnnotation_Flags.Flag3" name="method1" time="0.000"/>
  <testcase classname="testNGAnnotation_Flags.Flag3" name="method1" time="0.000"/>
  <testcase classname="testNGAnnotation_Flags.Flag3" name="method1" time="0.000"/>
  <testcase classname="testNGAnnotation_Flags.Flag3" name="method1" time="0.000"/>
  <testcase classname="testNGAnnotation_Flags.Flag3" name="method1" time="0.000"/>
  <testcase classname="testNGAnnotation_Flags.Flag3" name="method1" time="0.000"/>
  <testcase classname="testNGAnnotation_Flags.Flag3" name="method1" time="0.000"/>
  <testcase classname="testNGAnnotation_Flags.Flag3" name="method1" time="0.000"/>
  <testcase classname="testNGAnnotation_Flags.Flag3" name="method1" time="0.000"/>
  <testcase classname="testNGAnnotation_Flags.Flag3" name="method1" time="0.000"/>
  <testcase classname="testNGAnnotation_Flags.Flag3" name="method1" time="0.000"/>
  <testcase classname="testNGAnnotation_Flags.Flag3" name="method1" time="0.000"/>
  <testcase classname="testNGAnnotation_Flags.Flag3" name="method1" time="0.001"/>
  <testcase classname="testNGAnnotation_Flags.Flag3" name="method1" time="0.001"/>
  <testcase classname="testNGAnnotation_Flags.Flag3" name="method1" time="0.001"/>
  <testcase classname="testNGAnnotation_Flags.Flag3" name="method1" time="0.000"/>
  <testcase classname="testNGAnnotation_Flags.Flag3" name="method1" time="0.000"/>
  <testcase classname="testNGAnnotation_Flags.Flag3" name="method1" time="0.001"/>
  <testcase classname="testNGAnnotation_Flags.Flag3" name="method1" time="0.000"/>
  <testcase classname="testNGAnnotation_Flags.Flag3" name="method1" time="0.000"/>
  <testcase classname="testNGAnnotation_Flags.Flag3" name="method1" time="0.000"/>
  <testcase classname="testNGAnnotation_Flags.Flag3" name="method1" time="0.001"/>
  <testcase classname="testNGAnnotation_Flags.Flag3" name="method1" time="0.001"/>
  <testcase classname="testNGAnnotation_Flags.Flag3" name="method1" time="0.000"/>
  <testcase classname="testNGAnnotation_Flags.Flag3" name="method1" time="0.000"/>
  <testcase classname="testNGAnnotation_Flags.Flag3" name="method1" time="0.000"/>
  <testcase classname="testNGAnnotation_Flags.Flag3" name="method1" time="0.000"/>
  <testcase classname="testNGAnnotation_Flags.Flag3" name="method1" time="0.000"/>
  <testcase classname="testNGAnnotation_Flags.Flag3" name="method1" time="0.000"/>
  <testcase classname="testNGAnnotation_Flags.Flag3" name="method1" time="0.000"/>
  <testcase classname="testNGAnnotation_Flags.Flag3" name="method1" time="0.001"/>
  <testcase classname="testNGAnnotation_Flags.Flag3" name="method1" time="0.001"/>
  <testcase classname="testNGAnnotation_Flags.Flag3" name="method1" time="0.000"/>
  <testcase classname="testNGAnnotation_Flags.Flag3" name="method1" time="0.001"/>
  <testcase classname="testNGAnnotation_Flags.Flag3" name="method1" time="0.000"/>
  <testcase classname="testNGAnnotation_Flags.Flag3" name="method1" time="0.000"/>
  <testcase classname="testNGAnnotation_Flags.Flag3" name="method1" time="0.000"/>
  <testcase classname="testNGAnnotation_Flags.Flag3" name="method1" time="0.001"/>
  <testcase classname="testNGAnnotation_Flags.Flag3" name="method1" time="0.000"/>
  <testcase classname="testNGAnnotation_Flags.Flag3" name="method1" time="0.000"/>
  <testcase classname="testNGAnnotation_Flags.Flag3" name="method1" time="0.000"/>
  <testcase classname="testNGAnnotation_Flags.Flag3" name="method1" time="0.000"/>
  <testcase classname="testNGAnnotation_Flags.Flag3" name="method1" time="0.000"/>
  <testcase classname="testNGAnnotation_Flags.Flag3" name="method1" time="0.000"/>
  <testcase classname="testNGAnnotation_Flags.Flag3" name="method1" time="0.001"/>
  <testcase classname="testNGAnnotation_Flags.Flag3" name="method1" time="0.000"/>
  <testcase classname="testNGAnnotation_Flags.Flag3" name="method1" time="0.001"/>
  <testcase classname="testNGAnnotation_Flags.Flag3" name="method1" time="0.001"/>
  <testcase classname="testNGAnnotation_Flags.Flag3" name="method1" time="0.000"/>
  <testcase classname="testNGAnnotation_Flags.Flag3" name="method1" time="0.001"/>
  <testcase classname="testNGAnnotation_Flags.Flag3" name="method1" time="0.000"/>
  <testcase classname="testNGAnnotation_Flags.Flag3" name="method1" time="0.000"/>
  <testcase classname="testNGAnnotation_Flags.Flag3" name="method1" time="0.000"/>
  <testcase classname="testNGAnnotation_Flags.Flag3" name="method1" time="0.000"/>
  <testcase classname="testNGAnnotation_Flags.Flag3" name="method1" time="0.000"/>
  <testcase classname="testNGAnnotation_Flags.Flag3" name="method1" time="0.001"/>
  <testcase classname="testNGAnnotation_Flags.Flag3" name="method1" time="0.000"/>
  <testcase classname="testNGAnnotation_Flags.Flag3" name="method1" time="0.000"/>
  <testcase classname="testNGAnnotation_Flags.Flag3" name="method1" time="0.000"/>
  <testcase classname="testNGAnnotation_Flags.Flag3" name="method1" time="0.000"/>
  <testcase classname="testNGAnnotation_Flags.Flag3" name="method1" time="0.000"/>
  <testcase classname="testNGAnnotation_Flags.Flag3" name="method1" time="0.000"/>
  <testcase classname="testNGAnnotation_Flags.Flag3" name="method1" time="0.000"/>
  <testcase classname="testNGAnnotation_Flags.Flag3" name="method1" time="0.000"/>
  <testcase classname="testNGAnnotation_Flags.Flag3" name="method1" time="0.000"/>
  <testcase classname="testNGAnnotation_Flags.Flag3" name="method1" time="0.001"/>
  <testcase classname="testNGAnnotation_Flags.Flag3" name="method1" time="0.001"/>
  <testcase classname="testNGAnnotation_Flags.Flag3" name="method1" time="0.000"/>
  <testcase classname="testNGAnnotation_Flags.Flag3" name="method1" time="0.000"/>
  <testcase classname="testNGAnnotation_Flags.Flag3" name="method1" time="0.001"/>
  <testcase classname="testNGAnnotation_Flags.Flag3" name="method1" time="0.001"/>
  <testcase classname="testNGAnnotation_Flags.Flag3" name="method1" time="0.000"/>
  <testcase classname="testNGAnnotation_Flags.Flag3" name="method1" time="0.000"/>
  <testcase classname="testNGAnnotation_Flags.Flag3" name="method1" time="0.001"/>
  <testcase classname="testNGAnnotation_Flags.Flag3" name="method1" time="0.000"/>
  <testcase classname="testNGAnnotation_Flags.Flag3" name="method1" time="0.000"/>
  <testcase classname="testNGAnnotation_Flags.Flag3" name="method1" time="0.000"/>
  <testcase classname="testNGAnnotation_Flags.Flag3" name="method1" time="0.001"/>
  <testcase classname="testNGAnnotation_Flags.Flag3" name="method1" time="0.000"/>
  <testcase classname="testNGAnnotation_Flags.Flag3" name="method1" time="0.000"/>
  <testcase classname="testNGAnnotation_Flags.Flag3" name="method1" time="0.001"/>
  <testcase classname="testNGAnnotation_Flags.Flag3" name="method1" time="0.000"/>
  <testcase classname="testNGAnnotation_Flags.Flag3" name="method1" time="0.001"/>
  <testcase classname="testNGAnnotation_Flags.Flag3" name="method1" time="0.002"/>
  <testcase classname="testNGAnnotation_Flags.Flag3" name="method1" time="0.000"/>
  <testcase classname="testNGAnnotation_Flags.Flag3" name="method1" time="0.000"/>
  <testcase classname="testNGAnnotation_Flags.Flag3" name="method1" time="0.000"/>
  <testcase classname="testNGAnnotation_Flags.Flag3" name="method1" time="0.001"/>
  <testcase classname="testNGAnnotation_Flags.Flag3" name="method1" time="0.000"/>
  <testcase classname="testNGAnnotation_Flags.Flag3" name="method1" time="0.000"/>
  <testcase classname="testNGAnnotation_Flags.Flag3" name="method1" time="0.001"/>
  <testcase classname="testNGAnnotation_Flags.Flag3" name="method1" time="0.000"/>
  <testcase classname="testNGAnnotation_Flags.Flag3" name="method1" time="0.002"/>
  <testcase classname="testNGAnnotation_Flags.Flag3" name="method1" time="0.000"/>
  <testcase classname="testNGAnnotation_Flags.Flag3" name="method1" time="0.000"/>
  <testcase classname="testNGAnnotation_Flags.Flag3" name="method1" time="0.000"/>
  <testcase classname="testNGAnnotation_Flags.Flag3" name="method1" time="0.000"/>
  <testcase classname="testNGAnnotation_Flags.Flag3" name="method1" time="0.000"/>
  <testcase classname="testNGAnnotation_Flags.Flag3" name="method1" time="0.000"/>
  <testcase classname="testNGAnnotation_Flags.Flag3" name="method1" time="0.000"/>
  <testcase classname="testNGAnnotation_Flags.Flag3" name="method1" time="0.001"/>
  <testcase classname="testNGAnnotation_Flags.Flag3" name="method1" time="0.001"/>
  <testcase classname="testNGAnnotation_Flags.Flag3" name="method1" time="0.000"/>
  <testcase classname="testNGAnnotation_Flags.Flag3" name="method1" time="0.000"/>
  <testcase classname="testNGAnnotation_Flags.Flag3" name="method1" time="0.001"/>
  <testcase classname="testNGAnnotation_Flags.Flag3" name="method1" time="0.000"/>
  <testcase classname="testNGAnnotation_Flags.Flag3" name="method1" time="0.000"/>
  <testcase classname="testNGAnnotation_Flags.Flag3" name="method1" time="0.000"/>
  <testcase classname="testNGAnnotation_Flags.Flag3" name="method1" time="0.000"/>
  <testcase classname="testNGAnnotation_Flags.Flag3" name="method1" time="0.001"/>
  <testcase classname="testNGAnnotation_Flags.Flag3" name="method1" time="0.000"/>
  <testcase classname="testNGAnnotation_Flags.Flag3" name="method1" time="0.003"/>
  <testcase classname="testNGAnnotation_Flags.Flag3" name="method1" time="0.001"/>
  <testcase classname="testNGAnnotation_Flags.Flag3" name="method1" time="0.001"/>
  <testcase classname="testNGAnnotation_Flags.Flag3" name="method1" time="0.000"/>
  <testcase classname="testNGAnnotation_Flags.Flag3" name="method1" time="0.000"/>
  <testcase classname="testNGAnnotation_Flags.Flag3" name="method1" time="0.005"/>
  <testcase classname="testNGAnnotation_Flags.Flag3" name="method1" time="0.000"/>
  <testcase classname="testNGAnnotation_Flags.Flag3" name="method1" time="0.000"/>
  <testcase classname="testNGAnnotation_Flags.Flag3" name="method1" time="0.000"/>
  <testcase classname="testNGAnnotation_Flags.Flag3" name="method1" time="0.000"/>
  <testcase classname="testNGAnnotation_Flags.Flag3" name="method1" time="0.000"/>
  <testcase classname="testNGAnnotation_Flags.Flag3" name="method1" time="0.000"/>
  <testcase classname="testNGAnnotation_Flags.Flag3" name="method1" time="0.000"/>
  <testcase classname="testNGAnnotation_Flags.Flag3" name="method1" time="0.000"/>
  <testcase classname="testNGAnnotation_Flags.Flag3" name="method1" time="0.000"/>
  <testcase classname="testNGAnnotation_Flags.Flag3" name="method1" time="0.000"/>
  <testcase classname="testNGAnnotation_Flags.Flag3" name="method1" time="0.001"/>
  <testcase classname="testNGAnnotation_Flags.Flag3" name="method1" time="0.000"/>
  <testcase classname="testNGAnnotation_Flags.Flag3" name="method1" time="0.000"/>
  <testcase classname="testNGAnnotation_Flags.Flag3" name="method1" time="0.000"/>
  <testcase classname="testNGAnnotation_Flags.Flag3" name="method1" time="0.000"/>
  <testcase classname="testNGAnnotation_Flags.Flag3" name="method1" time="0.000"/>
  <testcase classname="testNGAnnotation_Flags.Flag3" name="method1" time="0.002"/>
  <testcase classname="testNGAnnotation_Flags.Flag3" name="method1" time="0.001"/>
  <testcase classname="testNGAnnotation_Flags.Flag3" name="method1" time="0.000"/>
  <testcase classname="testNGAnnotation_Flags.Flag3" name="method1" time="0.002"/>
  <testcase classname="testNGAnnotation_Flags.Flag3" name="method1" time="0.000"/>
  <testcase classname="testNGAnnotation_Flags.Flag3" name="method1" time="0.000"/>
  <testcase classname="testNGAnnotation_Flags.Flag3" name="method1" time="0.000"/>
  <testcase classname="testNGAnnotation_Flags.Flag3" name="method1" time="0.000"/>
  <testcase classname="testNGAnnotation_Flags.Flag3" name="method1" time="0.000"/>
  <testcase classname="testNGAnnotation_Flags.Flag3" name="method1" time="0.000"/>
  <testcase classname="testNGAnnotation_Flags.Flag3" name="method1" time="0.000"/>
  <testcase classname="testNGAnnotation_Flags.Flag3" name="method1" time="0.000"/>
  <testcase classname="testNGAnnotation_Flags.Flag3" name="method1" time="0.000"/>
  <testcase classname="testNGAnnotation_Flags.Flag3" name="method1" time="0.000"/>
  <testcase classname="testNGAnnotation_Flags.Flag3" name="method1" time="0.000"/>
  <testcase classname="testNGAnnotation_Flags.Flag3" name="method1" time="0.001"/>
  <testcase classname="testNGAnnotation_Flags.Flag3" name="method1" time="0.000"/>
  <testcase classname="testNGAnnotation_Flags.Flag3" name="method1" time="0.000"/>
  <testcase classname="testNGAnnotation_Flags.Flag3" name="method1" time="0.000"/>
  <testcase classname="testNGAnnotation_Flags.Flag3" name="method1" time="0.000"/>
  <testcase classname="testNGAnnotation_Flags.Flag3" name="method1" time="0.000"/>
  <testcase classname="testNGAnnotation_Flags.Flag3" name="method1" time="0.000"/>
  <testcase classname="testNGAnnotation_Flags.Flag3" name="method1" time="0.000"/>
  <testcase classname="testNGAnnotation_Flags.Flag3" name="method1" time="0.000"/>
  <testcase classname="testNGAnnotation_Flags.Flag3" name="method1" time="0.000"/>
  <testcase classname="testNGAnnotation_Flags.Flag3" name="method1" time="0.001"/>
  <testcase classname="testNGAnnotation_Flags.Flag3" name="method1" time="0.000"/>
  <testcase classname="testNGAnnotation_Flags.Flag3" name="method1" time="0.000"/>
  <testcase classname="testNGAnnotation_Flags.Flag3" name="method1" time="0.000"/>
  <testcase classname="testNGAnnotation_Flags.Flag3" name="method1" time="0.004"/>
  <testcase classname="testNGAnnotation_Flags.Flag3" name="method1" time="0.001"/>
  <testcase classname="testNGAnnotation_Flags.Flag3" name="method1" time="0.000"/>
  <testcase classname="testNGAnnotation_Flags.Flag3" name="method1" time="0.000"/>
  <testcase classname="testNGAnnotation_Flags.Flag3" name="method1" time="0.001"/>
  <testcase classname="testNGAnnotation_Flags.Flag3" name="method1" time="0.000"/>
</testsuite> <!-- testNGAnnotation_Flags.Flag3 -->
