<?xml version="1.0" encoding="UTF-8"?>
<!-- Generated by org.testng.reporters.JUnitReportReporter -->
<testsuite hostname="LAPTOP-JU43MAR4" failures="0" tests="2" name="testNGAnnotation_Flags.AnnotationsClass" time="0.009" errors="0" timestamp="2023-07-20T14:28:38 IST" skipped="0">
  <testcase classname="testNGAnnotation_Flags.AnnotationsClass" name="method1" time="0.007">
    <system-out>
      <![CDATA[TesAnnotation]]>
    </system-out>
  </testcase> <!-- method1 -->
  <testcase classname="testNGAnnotation_Flags.AnnotationsClass" name="method10" time="0.002">
    <system-out>
      <![CDATA[TestMethodAnnotation10]]>
    </system-out>
  </testcase> <!-- method10 -->
  <system-out>
    <![CDATA[BeforeSuiteAnnotation
BeforeTestAnnotation
BeforeClassAnnotation
BeforeMethodAnnotation
TesAnnotation
AfterMethodAnnotation
BeforeMethodAnnotation
TestMethodAnnotation10
AfterMethodAnnotation
AfterClassAnnotation
AfterTestAnnotation
AfterSuiteAnnotation]]>
  </system-out>
</testsuite> <!-- testNGAnnotation_Flags.AnnotationsClass -->
