<?xml version="1.0" encoding="UTF-8"?>
<!-- Generated by org.testng.reporters.JUnitReportReporter -->
<testsuite hostname="LAPTOP-JU43MAR4" failures="0" tests="8" name="testNGAnnotation_Flags.Flag4" time="0.017" errors="0" timestamp="2023-07-22T23:33:39 IST" skipped="0">
  <testcase classname="testNGAnnotation_Flags.Flag4" name="d" time="0.007"/>
  <testcase classname="testNGAnnotation_Flags.Flag4" name="i" time="0.001"/>
  <testcase classname="testNGAnnotation_Flags.Flag4" name="e" time="0.001"/>
  <testcase classname="testNGAnnotation_Flags.Flag4" name="f" time="0.001"/>
  <testcase classname="testNGAnnotation_Flags.Flag4" name="k" time="0.001"/>
  <testcase classname="testNGAnnotation_Flags.Flag4" name="p" time="0.001"/>
  <testcase classname="testNGAnnotation_Flags.Flag4" name="m" time="0.003"/>
  <testcase classname="testNGAnnotation_Flags.Flag4" name="z" time="0.002"/>
</testsuite> <!-- testNGAnnotation_Flags.Flag4 -->
