<?xml version="1.0" encoding="UTF-8"?>
<!-- Generated by org.testng.reporters.JUnitReportReporter -->
<testsuite hostname="LAPTOP-JU43MAR4" failures="0" tests="2" name="testNGPack2.Demo2" time="0.002" errors="0" timestamp="2023-07-20T00:52:57 IST" skipped="0">
  <testcase classname="testNGPack2.Demo2" name="method3" time="0.001">
    <system-out>
      <![CDATA[This is method3]]>
    </system-out>
  </testcase> <!-- method3 -->
  <testcase classname="testNGPack2.Demo2" name="method4" time="0.001">
    <system-out>
      <![CDATA[This is method4]]>
    </system-out>
  </testcase> <!-- method4 -->
  <system-out>
    <![CDATA[This is method1
This is method2
This is method3
This is method4
This is method5
This is method6]]>
  </system-out>
</testsuite> <!-- testNGPack2.Demo2 -->
