<?xml version="1.0" encoding="UTF-8"?>
<!-- Generated by org.testng.reporters.JUnitReportReporter -->
<testsuite hostname="LAPTOP-JU43MAR4" failures="0" tests="3" name="testNGAnnotation_Flags.GoogleSearchTestCase" time="41.698" errors="0" timestamp="2023-07-21T16:01:31 IST" skipped="0">
  <testcase classname="testNGAnnotation_Flags.GoogleSearchTestCase" name="search2" time="27.709"/>
  <testcase classname="testNGAnnotation_Flags.GoogleSearchTestCase" name="search1" time="5.723"/>
  <testcase classname="testNGAnnotation_Flags.GoogleSearchTestCase" name="search3" time="8.266"/>
</testsuite> <!-- testNGAnnotation_Flags.GoogleSearchTestCase -->
