<?xml version="1.0" encoding="UTF-8"?>
<!-- Generated by org.testng.reporters.JUnitReportReporter -->
<testsuite hostname="LAPTOP-JU43MAR4" failures="0" tests="3" name="testNGAnnotation_Flags.Flags5" time="0.008" errors="0" timestamp="2023-07-22T15:07:50 IST" skipped="0">
  <testcase classname="testNGAnnotation_Flags.Flags5" name="createUserMethod" time="0.002"/>
  <testcase classname="testNGAnnotation_Flags.Flags5" name="logoutMethod" time="0.001"/>
  <testcase classname="testNGAnnotation_Flags.Flags5" name="loginMethod" time="0.005"/>
</testsuite> <!-- testNGAnnotation_Flags.Flags5 -->
